You chose the file "\\Hdnhan\d\Study\HUST\FEM\heatsource\FreeFem++\2D_Q.edp"
-- FreeFem++ v  3.610001 (date jeu. 12 juil. 2018 15:05:23)
 Load: lg_fem lg_mesh lg_mesh3 eigenvalue '\\Hdnhan\d\Study\HUST\FEM\heatsource\FreeFem++'
CMD.EXE was started with the above path as the current directory.
UNC paths are not supported.  Defaulting to Windows directory.
 
    1 : load "ff-IpOpt"(load: loadLibary C:\Program Files (x86)\FreeFem++\\.\ff-IpOpt = 0)
    2 : load "msh3"(load: loadLibary C:\Program Files (x86)\FreeFem++\\.\msh3 = 0)
    3 : load "medit"(load: loadLibary C:\Program Files (x86)\FreeFem++\\.\medit = 0)
    4 :
    5 : real T = 1;
    6 : int nn = 40;
    7 : int Nx = nn, Ny = nn, Nz = nn;
    8 : int[int] labs = [1, 2, 3, 4, 5, 0];
    9 : mesh3 Th = cube(Nx, Ny, Nz, [x, y, T * z], label = labs);
   10 : fespace Vh(Th, P1);
   11 :
   12 :
   13 :
   14 : // ***** DATA ***** //
   15 : Vh ue = exp(z) * x*(1-x) * sin(pi * y);
   16 : Vh uD = 0;
   17 : Vh u0 = ue(x, y, 0);
   18 :
   19 : Vh fe = sin(pi * x)*sin(pi * y)*sin(pi * z);
   20 : Vh q = 2 + z^2;
   21 : Vh g = (1 + pi^2) * ue + 2 * exp(z)* sin(pi * y) - fe * q;
   22 : real gamma = 1e-5;
   23 :
   24 : // The overdetermination
   25 : real[int] w((Nx + 1) * (Ny + 1) * (Nz + 1) + 1);
   26 : for (int i = 0; i <= Nz; i++){
   27 :     for (int j = 0; j <= Ny; j++){
   28 :         for(int k = 0; k <= Nx; k++){
   29 :             w[i * (Nx + 1) * (Ny + 1) + j * (Nx + 1) + k] = ue(k * 1.0 / Nx, j * 1.0 / Ny, i * 1.0 / Nz);
   30 :         }
   31 :     }
   32 : }
   33 :
   34 :
   35 :
   36 : // ***** Functions to modify matrix ***** //
   37 :
   38 : // ** Change the time direction
   39 : func real[int] FlipTimeDirection(real[int] mat){
   40 :     Vh u;
   41 :     for (int i = 0; i <= Nz/2; i++){
   42 :         for (int j = 0; j <= Ny; j++){
   43 :             for (int k = 0; k <= Nx; k++){
   44 :                 u[][i * (Nx + 1) * (Ny + 1) + j * (Ny + 1) + k] = mat[(Nz - i) * (Nx + 1) * (Ny + 1) + j * (Ny +036 
-9.37554e-0IìÍ- 1) + k];
   45 :                 u[][(Nz - i) * (Nx + 1) * (Ny + 1) + j * (Ny + 1) + k] = mat[i * (Nx + 1) * (Ny + 1) + j * (Ny +036 
-9.37554e-0IìÍ- 1) + k];
   46 :             }
   47 :         }
   48 :     }
   49 :     return u[];
   50 : }
   51 :
   52 :
   53 :
   54 : // State equation:
   55 : func real[int] StateProblem(real[int] ff){
   56 :     Vh u, v, f; f[] = ff;
   57 :     Vh rsh = f * q + g;
   58 :
   59 :     solve SpaceTime(u, v, solver = sparsesolver) =
   60 :           int3d(Th)(dz(u)  * v + dx(u)  * dx(v) + dy(u)  * dy(v))
   61 :         +  int3d(Th)(dz(u0)  * v + dx(u0)  * dx(v) + dy(u0)  * dy(v))
   62 :         - int3d(Th)(rsh * v)
   63 :         + on(1, 2, 3, 4, u = uD) + on(5, u = 0);
   64 :     u = u + u0;
   65 :     return u[];
   66 : }
   67 :
   68 :
   69 : // Adjoint equation
   70 : func real[int] AdjointProblem(real[int] uu){
   71 :     Vh p, v;
   72 :     Vh temp; temp[] = uu - w;
   73 :     Vh rsh; rsh[] =  FlipTimeDirection(temp[]);
   74 :
   75 :     solve SpaceTime(p, v, solver = sparsesolver) =
   76 :           int3d(Th)(dz(p) * v + dx(p) * dx(v) + dy(p) * dy(v))
   77 :         - int3d(Th)(rsh * v)
   78 :         + on(1, 2, 3, 4, 5, p = 0);
   79 :
   80 :     return FlipTimeDirection(p[]);
   81 : }
   82 :
   83 :
   84 : // Tikhonov functional
   85 : func real J(real[int] ff) {
   86 :     Vh f; f[] = ff;
   87 :     Vh u; u[] = StateProblem(ff);
   88 :     Vh del; del[] = u[] - w;
   89 :     return 0.5 * int3d(Th)(del^2) + 0.5 * gamma * int3d(Th)(f^2);
   90 : }
   91 :
   92 :
   93 : // Gradient of Tikhonov funtional
   94 : func real[int] GradJ(real[int] ff) {
   95 :     Vh p; p[] = AdjointProblem(StateProblem(ff));
   96 :     Vh pq = p * q;
   97 :     real[int] res = pq[] + gamma * ff;
   98 :     return res;
   99 : }
  100 :
  101 :
  102 :
  103 : Vh fh = 0;
  104 : IPOPT(J, GradJ, fh[], tol = 1e-3);
  105 : savesol("2D_Q_fh.sol", Th, fh);
  106 :
  107 : cout << "J: " << J(fh[]) << endl;
  108 : Vh del = fh - fe;
  109 :
  110 : cout << "fe min and max: " << fe[].min << ", " << fe[].max << endl;
  111 : cout << "fh min and max: " << fh[].min << ", " << fh[].max << endl;
  112 : cout << "(fh-fe) min and max: " << del[].min << ", " << del[].max << endl;
  113 : cout << "erorr L2: " << sqrt(int3d(Th)(del * del)) << endl;
  114 :  sizestack + 1024 =8240  ( 7216 )
 
  Enter: BuildCube: 6
    kind = 6 n tet Cube = 6 / n slip 6 70
  Cube  nv=68921 nt=384000 nbe=19200
  Out:  BuildCube
  -- FESpace: Nb of Nodes 68921 Nb of DoF 68921
 
IPOPT Note : No hessian given ==> LBFGS hessian approximation enabled
 
******************************************************************************
This program contains Ipopt, a library for large-scale nonlinear optimization.
 Ipopt is released as open source code under the Eclipse Public License (EPL).
         For more information visit http://projects.coin-or.org/Ipopt
******************************************************************************
 
This is Ipopt version 3.12.4, running with linear solver mumps.
NOTE: Other linear solvers might be more efficient (see Ipopt documentation).
 
Number of nonzeros in equality constraint Jacobian...:        0
Number of nonzeros in inequality constraint Jacobian.:        0
Number of nonzeros in Lagrangian Hessian.............:        0
 
  -- Solve :
          min -1.36221e-036  max 0.404825
  -- Solve :
          min -0.00569505  max 1.69915e-037
Total number of variables............................:    68921
                     variables with only lower bounds:        0
                variables with lower and upper bounds:        0
                     variables with only upper bounds:        0
Total number of equality constraints.................:        0
Total number of inequality constraints...............:        0
        inequality constraints with only lower bounds:        0
   inequality constraints with lower and upper bounds:        0
        inequality constraints with only upper bounds:        0
 
  -- Solve :
          min -1.36221e-036  max 0.404825
  -- Solve :
          min -0.00569505  max 1.69915e-037
  -- Solve :
          min -1.36221e-036  max 0.404825
iter    objective    inf_pr   inf_du lg(mu)  ||d||  lg(rg) alpha_du alpha_pr  ls
   0 8.2398785e-004 0.00e+000 1.32e-002   0.0 0.00e+000    -  0.00e+000 0.00e+000   0
  -- Solve :
          min -1.37546e-036  max 0.405266
  -- Solve :
          min -1.37546e-036  max 0.405266
  -- Solve :
          min -0.00561944  max 1.66661e-037
   1 8.0205620e-004 0.00e+000 1.31e-002 -11.0 1.32e-002    -  1.00e+000 1.00e+000f  1
  -- Solve :
          min -2.45241e-036  max 0.42708
  -- Solve :
          min -2.45241e-036  max 0.42708
  -- Solve :
          min -0.00013623  max 9.64112e-005
   2 9.8594273e-007 0.00e+000 2.74e-004 -11.0 1.00e+000    -  1.00e+000 1.00e+000f  1
 
Number of Iterations....: 2
 
                                   (scaled)                 (unscaled)
Objective...............:  9.8594272699539113e-007   9.8594272699539113e-007
Dual infeasibility......:  2.7416332290622033e-004   2.7416332290622033e-004
Constraint violation....:  0.0000000000000000e+000   0.0000000000000000e+000
Complementarity.........:  0.0000000000000000e+000   0.0000000000000000e+000
Overall NLP error.......:  2.7416332290622033e-004   2.7416332290622033e-004
 
 
Number of objective function evaluations             = 3
Number of objective gradient evaluations             = 3
Number of equality constraint evaluations            = 0
Number of inequality constraint evaluations          = 0
Number of equality constraint Jacobian evaluations   = 0
Number of inequality constraint Jacobian evaluations = 0
Number of Lagrangian Hessian evaluations             = 0
Total CPU secs in IPOPT (w/o function evaluations)   =     36.363
Total CPU secs in NLP function evaluations           =    121.599
 
EXIT: Optimal Solution Found.
 
 
*** Ipopt succeeded
  -- Solve :
          min -2.45241e-036  max 0.42708
J: 9.85943e-007
fe min and max: 0, 1
fh min and max: -2.32766e-035, 1.0132
(fh-fe) min and max: -0.0265596, 0.0729073
erorr L2: 0.00912165
times: compile 0.168s, execution 174.074s,  mpirank:0
 ######## We forget of deleting   403 Nb pointer,   0Bytes  ,  mpirank 0, memory leak =0
 CodeAlloc : nb ptr  3599,  size :414320 mpirank: 0
Ok: Normal End
 try getConsole \\Hdnhan\d\Study\HUST\FEM\heatsource\FreeFem++\2D_Q.edp
