-- FreeFem++ v  3.610001 (date jeu. 12 juil. 2018 15:05:23)
 Load: lg_fem lg_mesh lg_mesh3 eigenvalue
    1 : load "ff-IpOpt"(load: loadLibary C:\Program Files (x86)\FreeFem++\\.\ff-IpOpt = 0)
    2 : load "msh3"(load: loadLibary C:\Program Files (x86)\FreeFem++\\.\msh3 = 0)
    3 : load "medit"(load: loadLibary C:\Program Files (x86)\FreeFem++\\.\medit = 0)
    4 :
    5 : real T = 1;
    6 : int nn = 20;
    7 : int Nx = nn, Ny = nn, Nz = nn;
    8 : int[int] labs = [1, 2, 3, 4, 5, 0];
    9 : mesh3 Th = cube(Nx, Ny, Nz, [x, y, T * z], label = labs);
   10 : fespace Vh(Th, P1);
   11 :
   12 :
   13 : Vh ue = exp(z) * sin(pi * x) * sin(pi * y);
   14 : Vh duex = exp(z) * cos(pi * x) * sin(pi * y) * pi;
   15 : Vh duey = exp(z) * sin(pi * x) * cos(pi * y) * pi;
   16 : Vh uNx = (x == 1) * duex - (x == 0) * duex;
   17 : Vh uNy = (y == 1) * duey - (y == 0) * duey;
   18 : Vh u0 = ue(x, y, 0);
   19 :
   20 : Vh fe = sin(pi * x) * sin(pi * y) * sin(pi * z);
   21 : Vh q = 2 + x^2 + y^2 + z^2;
   22 : Vh g = (1 + 2 * pi^2) * ue(x, y, z) - fe * q;
   23 : real gamma = 1e-6;
   24 :
   25 :
   26 : func real[int] flip(real[int] uu){
   27 :     Vh u;
   28 :     for (int i = 0; i <= Nz/2; i++){
   29 :         for (int j = 0; j <= Ny; j++){
   30 :             for (int k = 0; k <= Nx; k++){
   31 :                 u[][i * (Nx + 1) * (Ny + 1) + j * (Ny + 1) + k] = uu[(Nz - i) * (Nx + 1) * (Ny + 1) + j * (Ny +
1) + k];
   32 :                 u[][(Nz - i) * (Nx + 1) * (Ny + 1) + j * (Ny + 1) + k] = uu[i * (Nx + 1) * (Ny + 1) + j * (Ny +
1) + k];
   33 :             }
   34 :         }
   35 :     }
   36 :     return u[];
   37 : }
   38 :
   39 :
   40 : // State equation:
   41 : func real[int] StateProblem(real[int] ff){
   42 :     Vh u, v, f; f[] = ff;
   43 :     Vh rsh = f * q + g;
   44 :
   45 :     solve SpaceTime(u, v, solver = sparsesolver) =
   46 :           int3d(Th)(dz(u) * v + dx(u) * dx(v) + dy(u) * dy(v))
   47 :         + int3d(Th)(dz(u0) * v + dx(u0) * dx(v) + dy(u0) * dy(v))
   48 :         - int2d(Th, 1, 3) (uNy * v) - int2d(Th, 2, 4) (uNx * v)
   49 :         - int3d(Th)(rsh * v)
   50 :         + on(5, u = 0);
   51 :
   52 :     u = u + u0;
   53 :     return u[];
   54 : }
   55 :
   56 :
   57 : // Adjoint equation:
   58 : func real[int] AdjointProblem(real[int] uu){
   59 :     Vh p, u, v; u[] = uu;
   60 :     Vh temp = u - ue;
   61 :     Vh rsh; rsh[] = flip(temp[]);
   62 :
   63 :     solve SpaceTime(p, v, solver = sparsesolver) =
   64 :           int3d(Th)(dz(p) * v + dx(p) * dx(v) + dy(p) * dy(v))
   65 :         - int3d(Th)(rsh * v)
   66 :         + on(5, p = 0);
   67 :
   68 :     return flip(p[]);
   69 : }
   70 :
   71 : // Tikhonov functional
   72 : func real J(real[int] ff) {
   73 :     Vh f; f[] = ff;
   74 :     Vh u; u[] = StateProblem(ff);
   75 :     return 0.5 * int3d(Th)((u - ue)^2) + 0.5 * gamma * int3d(Th)(f^2);
   76 : }
   77 :
   78 :
   79 : // Gradient of Tikhonov funtional
   80 : func real[int] GradJ(real[int] ff) {
   81 :     Vh f; f[] = ff;
   82 :     real[int] uu = StateProblem(ff);
   83 :     Vh p; p[] = AdjointProblem(uu);
   84 :     Vh res = p * q + gamma * f;
   85 :     return res[];
   86 : }
   87 :
   88 : Vh fh = 0;
   89 : IPOPT(J, GradJ, fh[], tol = 1e-3);
   90 : //NLCG(GradJ, fh[], nbiter = 1000, eps = -1e-6);
   91 :
   92 : cout << "J: " << J(fh[]) << endl;
   93 :
   94 :
   95 : Vh delta = fh - fe;
   96 :
   97 : cout << "kq: " << fe[].min << ", " << fe[].max << endl;
   98 : cout << "kq: " << fh[].min << ", " << fh[].max << endl;
   99 : cout << "kq: " << delta[].min << ", " << delta[].max << endl;
  100 : cout << "ss: " << sqrt(int3d(Th)(delta^2)) << endl;
  101 :  sizestack + 1024 =12048  ( 11024 )
 
  Enter: BuildCube: 6
    kind = 6 n tet Cube = 6 / n slip 6 70
  Cube  nv=9261 nt=48000 nbe=4800
  Out:  BuildCube
  -- FESpace: Nb of Nodes 9261 Nb of DoF 9261
 
IPOPT Note : No hessian given ==> LBFGS hessian approximation enabled
 
******************************************************************************
This program contains Ipopt, a library for large-scale nonlinear optimization.
 Ipopt is released as open source code under the Eclipse Public License (EPL).
         For more information visit http://projects.coin-or.org/Ipopt
******************************************************************************
 
This is Ipopt version 3.12.4, running with linear solver mumps.
NOTE: Other linear solvers might be more efficient (see Ipopt documentation).
 
Number of nonzeros in equality constraint Jacobian...:        0
Number of nonzeros in inequality constraint Jacobian.:        0
Number of nonzeros in Lagrangian Hessian.............:        0
 
  -- Solve :
          min -0.828451  max 0.919517
  -- Solve :
          min -0.374132  max 5.03664e-035
Total number of variables............................:     9261
                     variables with only lower bounds:        0
                variables with lower and upper bounds:        0
                     variables with only upper bounds:        0
Total number of equality constraints.................:        0
Total number of inequality constraints...............:        0
        inequality constraints with only lower bounds:        0
   inequality constraints with lower and upper bounds:        0
        inequality constraints with only upper bounds:        0
 
  -- Solve :
          min -0.828451  max 0.919517
  -- Solve :
          min -0.374132  max 5.03664e-035
  -- Solve :
          min -0.828451  max 0.919517
iter    objective    inf_pr   inf_du lg(mu)  ||d||  lg(rg) alpha_du alpha_pr  ls
   0 1.0594713e-001 0.00e+000 1.50e+000   0.0 0.00e+000    -  0.00e+000 0.00e+000   0
  -- Solve :
          min -2.67889e-034  max 3.16525
  -- Solve :
          min -2.67889e-034  max 3.16525
  -- Solve :
          min -2.67889e-034  max 3.16525
  -- Solve :
          min -2.67889e-034  max 3.16525
  -- Solve :
          min -2.67889e-034  max 3.16525
  -- Solve :
          min -1.37686e-034  max 2.04238
  -- Solve :
          min -1.37686e-034  max 2.04238
  -- Solve :
          min -2.284e-035  max 0.285453
   1 4.4373886e-002 0.00e+000 1.14e+000 -11.0 1.50e+000    -  1.00e+000 5.00e-001f  2
  -- Solve :
          min -0.112982  max 1.61912
  -- Solve :
          min -0.112982  max 1.61912
  -- Solve :
          min -0.017342  max 0.0266164
   2 2.1337125e-003 0.00e+000 1.07e-001 -11.0 3.25e-001    -  1.00e+000 1.00e+000f  1
  -- Solve :
          min -0.104855  max 1.62716
  -- Solve :
          min -0.104855  max 1.62716
  -- Solve :
          min -0.016119  max 0.0222381
   3 1.6948730e-003 0.00e+000 8.90e-002 -11.0 3.34e-002    -  1.00e+000 1.00e+000f  1
  -- Solve :
          min -0.0339942  max 1.69852
  -- Solve :
          min -0.0339942  max 1.69852
  -- Solve :
          min -0.00227133  max 0.00452019
   4 2.0868301e-004 0.00e+000 1.92e-002 -11.0 2.44e-001    -  1.00e+000 1.00e+000f  1
  -- Solve :
          min -0.0357966  max 1.6975
  -- Solve :
          min -0.0357966  max 1.6975
  -- Solve :
          min -0.00187627  max 0.003734
   5 1.6058571e-004 0.00e+000 1.65e-002 -11.0 4.56e-002    -  1.00e+000 1.00e+000f  1
  -- Solve :
          min -0.0473316  max 1.69475
  -- Solve :
          min -0.0473316  max 1.69475
  -- Solve :
          min -0.000166837  max 0.0026413
   6 1.0543288e-004 0.00e+000 1.11e-002 -11.0 1.34e-001    -  1.00e+000 1.00e+000f  1
  -- Solve :
          min -0.0495884  max 1.69457
  -- Solve :
          min -0.0495884  max 1.69457
  -- Solve :
          min -0.00205065  max 0.0014282
   7 8.8026998e-005 0.00e+000 8.21e-003 -11.0 1.33e-001    -  1.00e+000 1.00e+000f  1
  -- Solve :
          min -0.0399158  max 1.70495
  -- Solve :
          min -0.0399158  max 1.70495
  -- Solve :
          min -0.0399158  max 1.70495
  -- Solve :
          min -0.0399158  max 1.70495
  -- Solve :
          min -0.0399158  max 1.70495
  -- Solve :
          min -0.0447521  max 1.69976
  -- Solve :
          min -0.0447521  max 1.69976
  -- Solve :
          min -2.1616e-036  max 0.00448108
   8 7.9686875e-005 0.00e+000 1.33e-002 -11.0 8.99e-002    -  1.00e+000 5.00e-001f  2
  -- Solve :
          min -0.700365  max 4.38312
  -- Solve :
          min -0.700365  max 4.38312
  -- Solve :
          min -0.700365  max 4.38312
  -- Solve :
          min -0.700365  max 4.38312
  -- Solve :
          min -0.700365  max 4.38312
  -- Solve :
          min -0.354976  max 2.62384
  -- Solve :
          min -0.185291  max 1.92918
  -- Solve :
          min -0.106026  max 1.81447
  -- Solve :
          min -0.0663928  max 1.75711
  -- Solve :
          min -0.0465764  max 1.72844
  -- Solve :
          min -0.0366682  max 1.7141
  -- Solve :
          min -0.0387924  max 1.70693
  -- Solve :
          min -0.0417723  max 1.70334
  -- Solve :
          min -0.0432622  max 1.70155
  -- Solve :
          min -0.0440072  max 1.70066
  -- Solve :
          min -0.0443796  max 1.70021
  -- Solve :
          min -0.0445659  max 1.69998
  -- Solve :
          min -0.0445659  max 1.69998
  -- Solve :
          min -2.33047e-036  max 0.00477575
   9 7.9667106e-005 0.00e+000 1.47e-002 -11.0 1.61e+001    -  1.00e+000 2.44e-004f 13
  -- Solve :
          min -0.178699  max 1.74594
  -- Solve :
          min -0.178699  max 1.74594
  -- Solve :
          min -0.178699  max 1.74594
  -- Solve :
          min -0.178699  max 1.74594
  -- Solve :
          min -0.178699  max 1.74594
  -- Solve :
          min -0.102807  max 1.72296
  -- Solve :
          min -0.0648608  max 1.71147
  -- Solve :
          min -0.0458878  max 1.70573
  -- Solve :
          min -0.0441319  max 1.70286
  -- Solve :
          min -0.0443489  max 1.70142
  -- Solve :
          min -0.0443489  max 1.70142
  -- Solve :
          min -1.82385e-036  max 0.00692741
iter    objective    inf_pr   inf_du lg(mu)  ||d||  lg(rg) alpha_du alpha_pr  ls
  10 7.8312599e-005 0.00e+000 2.53e-002 -11.0 2.33e+000    -  1.00e+000 3.12e-002f  6
  -- Solve :
          min -0.146914  max 2.05873
  -- Solve :
          min -0.146914  max 2.05873
  -- Solve :
          min -0.146914  max 2.05873
  -- Solve :
          min -0.146914  max 2.05873
  -- Solve :
          min -0.146914  max 2.05873
  -- Solve :
          min -0.0794789  max 1.88008
  -- Solve :
          min -0.0457612  max 1.79075
  -- Solve :
          min -0.0289024  max 1.74608
  -- Solve :
          min -0.0296109  max 1.72375
  -- Solve :
          min -0.0347388  max 1.71259
  -- Solve :
          min -0.0395439  max 1.707
  -- Solve :
          min -0.0419464  max 1.70421
  -- Solve :
          min -0.0431476  max 1.70282
  -- Solve :
          min -0.0437483  max 1.70212
  -- Solve :
          min -0.0440486  max 1.70177
  -- Solve :
          min -0.0441987  max 1.70159
  -- Solve :
          min -0.0442738  max 1.70151
  -- Solve :
          min -0.0443114  max 1.70146
  -- Solve :
          min -0.0443301  max 1.70144
  -- Solve :
          min -0.0443395  max 1.70143
  -- Solve :
          min -0.0443442  max 1.70143
  -- Solve :
          min -0.0443465  max 1.70142
  -- Solve :
          min -0.0443477  max 1.70142
  -- Solve :
          min -0.0443483  max 1.70142
  -- Solve :
          min -0.0443486  max 1.70142
  -- Solve :
          min -0.0443487  max 1.70142
  -- Solve :
          min -0.0443488  max 1.70142
  -- Solve :
          min -0.0443489  max 1.70142
  -- Solve :
          min -0.0443489  max 1.70142
  -- Solve :
          min -0.0443489  max 1.70142
  -- Solve :
          min -0.0443489  max 1.70142
  -- Solve :
          min -0.0443489  max 1.70142
  -- Solve :
          min -0.0443489  max 1.70142
  -- Solve :
          min -0.0443489  max 1.70142
  -- Solve :
          min -0.0443489  max 1.70142
  -- Solve :
          min -0.0443489  max 1.70142
  -- Solve :
          min -0.0443489  max 1.70142
  -- Solve :
          min -0.0443489  max 1.70142
  -- Solve :
          min -0.0443489  max 1.70142
  -- Solve :
          min -0.0443489  max 1.70142
  -- Solve :
          min -0.0443489  max 1.70142
  -- Solve :
          min -0.0443489  max 1.70142
  -- Solve :
          min -0.0443489  max 1.70142
  -- Solve :
          min -0.0443489  max 1.70142
  -- Solve :
          min -0.0443489  max 1.70142
  -- Solve :
          min -0.0443489  max 1.70142
  -- Solve :
          min -0.0443489  max 1.70142
  -- Solve :
          min -0.0443489  max 1.70142
  -- Solve :
          min -0.0443489  max 1.70142
  -- Solve :
          min -0.0443489  max 1.70142
  -- Solve :
          min -0.0443489  max 1.70142
  -- Solve :
          min -0.0443489  max 1.70142
  -- Solve :
          min -0.0443489  max 1.70142
  -- Solve :
          min -0.0443489  max 1.70142
  -- Solve :
          min -0.0443489  max 1.70142
  -- Solve :
          min -0.0443489  max 1.70142
  -- Solve :
          min -0.0443489  max 1.70142
  -- Solve :
          min -0.0443489  max 1.70142
  -- Solve :
          min -0.0443489  max 1.70142
  -- Solve :
          min -1.82385e-036  max 0.00692741
  11 7.8312599e-005 0.00e+000 2.53e-002 -11.0 3.80e+000    -  1.00e+000 1.11e-016f 54
  -- Solve :
          min -0.146914  max 2.05873
  -- Solve :
          min -0.146914  max 2.05873
  -- Solve :
          min -0.146914  max 2.05873
  -- Solve :
          min -0.146914  max 2.05873
  -- Solve :
          min -0.146914  max 2.05873
  -- Solve :
          min -0.0794789  max 1.88008
  -- Solve :
          min -0.0457612  max 1.79075
  -- Solve :
          min -0.0289024  max 1.74608
  -- Solve :
          min -0.0296109  max 1.72375
  -- Solve :
          min -0.0347388  max 1.71259
  -- Solve :
          min -0.0395439  max 1.707
  -- Solve :
          min -0.0419464  max 1.70421
  -- Solve :
          min -0.0431476  max 1.70282
  -- Solve :
          min -0.0437483  max 1.70212
  -- Solve :
          min -0.0440486  max 1.70177
  -- Solve :
          min -0.0441987  max 1.70159
  -- Solve :
          min -0.0442738  max 1.70151
  -- Solve :
          min -0.0443114  max 1.70146
  -- Solve :
          min -0.0443301  max 1.70144
  -- Solve :
          min -0.0443395  max 1.70143
  -- Solve :
          min -0.0443442  max 1.70143
  -- Solve :
          min -0.0443465  max 1.70142
  -- Solve :
          min -0.0443477  max 1.70142
  -- Solve :
          min -0.0443483  max 1.70142
  -- Solve :
          min -0.0443486  max 1.70142
  -- Solve :
          min -0.0443487  max 1.70142
  -- Solve :
          min -0.0443488  max 1.70142
  -- Solve :
          min -0.0443489  max 1.70142
  -- Solve :
          min -0.0443489  max 1.70142
  -- Solve :
          min -0.0443489  max 1.70142
  -- Solve :
          min -0.0443489  max 1.70142
  -- Solve :
          min -0.0443489  max 1.70142
  -- Solve :
          min -0.0443489  max 1.70142
  -- Solve :
          min -0.0443489  max 1.70142
  -- Solve :
          min -0.0443489  max 1.70142
  -- Solve :
          min -0.0443489  max 1.70142
  -- Solve :
          min -0.0443489  max 1.70142
  -- Solve :
          min -0.0443489  max 1.70142
  -- Solve :
          min -0.0443489  max 1.70142
  -- Solve :
          min -0.0443489  max 1.70142
  -- Solve :
          min -0.0443489  max 1.70142
  -- Solve :
          min -0.0443489  max 1.70142
  -- Solve :
          min -0.0443489  max 1.70142
  -- Solve :
          min -0.0443489  max 1.70142
  -- Solve :
          min -0.0443489  max 1.70142
  -- Solve :
          min -0.0443489  max 1.70142
  -- Solve :
          min -0.0443489  max 1.70142
  -- Solve :
          min -0.0443489  max 1.70142
  -- Solve :
          min -0.0443489  max 1.70142
  -- Solve :
          min -0.0443489  max 1.70142
  -- Solve :
          min -0.0443489  max 1.70142
  -- Solve :
          min -0.0443489  max 1.70142
  -- Solve :
          min -0.0443489  max 1.70142
  -- Solve :
          min -0.0443489  max 1.70142
  -- Solve :
          min -0.0443489  max 1.70142
  -- Solve :
          min -0.0443489  max 1.70142
  -- Solve :
          min -0.0443489  max 1.70142
  -- Solve :
          min -0.0443489  max 1.70142
  -- Solve :
          min -0.0443489  max 1.70142
  -- Solve :
          min -0.0443489  max 1.70142
  -- Solve :
          min -0.0443489  max 1.70142
  -- Solve :
          min -0.0443489  max 1.70142
  -- Solve :
          min -0.0443489  max 1.70142
  -- Solve :
          min -0.0443489  max 1.70142
  -- Solve :
          min -1.82385e-036  max 0.00692741
  12 7.8312599e-005 0.00e+000 2.53e-002 -11.0 3.80e+000    -  1.00e+000 3.47e-018f 59
  -- Solve :
          min -0.146914  max 2.05873
  -- Solve :
          min -0.146914  max 2.05873
  -- Solve :
          min -0.146914  max 2.05873
  -- Solve :
          min -0.146914  max 2.05873
  -- Solve :
          min -0.146914  max 2.05873
  -- Solve :
          min -0.0794789  max 1.88008
  -- Solve :
          min -0.0457612  max 1.79075
  -- Solve :
          min -0.0289024  max 1.74608
  -- Solve :
          min -0.0296109  max 1.72375
  -- Solve :
          min -0.0347388  max 1.71259
  -- Solve :
          min -0.0395439  max 1.707
  -- Solve :
          min -0.0419464  max 1.70421
  -- Solve :
          min -0.0431476  max 1.70282
  -- Solve :
          min -0.0437483  max 1.70212
  -- Solve :
          min -0.0440486  max 1.70177
  -- Solve :
          min -0.0441987  max 1.70159
  -- Solve :
          min -0.0442738  max 1.70151
  -- Solve :
          min -0.0443114  max 1.70146
  -- Solve :
          min -0.0443301  max 1.70144
  -- Solve :
          min -0.0443395  max 1.70143
  -- Solve :
          min -0.0443442  max 1.70143
  -- Solve :
          min -0.0443465  max 1.70142
  -- Solve :
          min -0.0443477  max 1.70142
  -- Solve :
          min -0.0443483  max 1.70142
  -- Solve :
          min -0.0443486  max 1.70142
  -- Solve :
          min -0.0443487  max 1.70142
  -- Solve :
          min -0.0443488  max 1.70142
  -- Solve :
          min -0.0443489  max 1.70142
  -- Solve :
          min -0.0443489  max 1.70142
  -- Solve :
          min -0.0443489  max 1.70142
  -- Solve :
          min -0.0443489  max 1.70142
  -- Solve :
          min -0.0443489  max 1.70142
  -- Solve :
          min -0.0443489  max 1.70142
  -- Solve :
          min -0.0443489  max 1.70142
  -- Solve :
          min -0.0443489  max 1.70142
  -- Solve :
          min -0.0443489  max 1.70142
  -- Solve :
          min -0.0443489  max 1.70142
  -- Solve :
          min -0.0443489  max 1.70142
  -- Solve :
          min -0.0443489  max 1.70142
  -- Solve :
          min -0.0443489  max 1.70142
  -- Solve :
          min -0.0443489  max 1.70142
  -- Solve :
          min -0.0443489  max 1.70142
  -- Solve :
          min -0.0443489  max 1.70142
  -- Solve :
          min -0.0443489  max 1.70142
  -- Solve :
          min -0.0443489  max 1.70142
  -- Solve :
          min -0.0443489  max 1.70142
  -- Solve :
          min -0.0443489  max 1.70142
  -- Solve :
          min -0.0443489  max 1.70142
  -- Solve :
          min -0.0443489  max 1.70142
  -- Solve :
          min -0.0443489  max 1.70142
  -- Solve :
          min -0.0443489  max 1.70142
  -- Solve :
          min -0.0443489  max 1.70142
  -- Solve :
          min -0.0443489  max 1.70142
  -- Solve :
          min -0.0443489  max 1.70142
  -- Solve :
          min -0.0443489  max 1.70142
  -- Solve :
          min -0.0443489  max 1.70142
  -- Solve :
          min -0.0443489  max 1.70142
  -- Solve :
          min -0.0443489  max 1.70142
  -- Solve :
          min -0.0443489  max 1.70142
  -- Solve :
          min -0.0443489  max 1.70142
  -- Solve :
          min -0.0443489  max 1.70142
  -- Solve :
          min -0.0443489  max 1.70142
  -- Solve :
          min -0.0443489  max 1.70142
  -- Solve :
          min -0.0443489  max 1.70142
  -- Solve :
          min -1.82385e-036  max 0.00692741
  13 7.8312599e-005 0.00e+000 2.53e-002 -11.0 3.80e+000    -  1.00e+000 3.47e-018f 59
  -- Solve :
          min -0.0797685  max 1.66659
  -- Solve :
          min -0.0797685  max 1.66659
  -- Solve :
          min -0.0797685  max 1.66659
  -- Solve :
          min -0.0797685  max 1.66659
  -- Solve :
          min -0.0797685  max 1.66659
  -- Solve :
          min -0.0620587  max 1.68401
  -- Solve :
          min -0.0620587  max 1.68401
  -- Solve :
          min -0.00471074  max 0.000424505
  14 6.9861088e-005 0.00e+000 1.87e-002 -11.0 2.53e-002    -  1.00e+000 5.00e-001f  2
  -- Solve :
          min -0.0549735  max 1.69095
  -- Solve :
          min -0.0549735  max 1.69095
  -- Solve :
          min -0.00119064  max 0.00124489
  15 5.5894755e-005 0.00e+000 3.68e-003 -11.0 5.26e-003    -  1.00e+000 1.00e+000f  1
  -- Solve :
          min -0.0545829  max 1.6913
  -- Solve :
          min -0.0545829  max 1.6913
  -- Solve :
          min -0.00109667  max 0.0012784
  16 5.5461617e-005 0.00e+000 3.39e-003 -11.0 1.19e-003    -  1.00e+000 1.00e+000f  1
  -- Solve :
          min -0.0492533  max 1.69605
  -- Solve :
          min -0.0492533  max 1.69605
  -- Solve :
          min -0.000280637  max 0.00166943
  17 5.0738760e-005 0.00e+000 4.23e-003 -11.0 2.04e-002    -  1.00e+000 1.00e+000f  1
  -- Solve :
          min -0.0481936  max 1.6973
  -- Solve :
          min -0.0481936  max 1.6973
  -- Solve :
          min -0.000461455  max 0.00110597
  18 4.5845505e-005 0.00e+000 3.98e-003 -11.0 2.39e-002    -  1.00e+000 1.00e+000f  1
  -- Solve :
          min -0.0145669  max 1.74542
  -- Solve :
          min -0.0145669  max 1.74542
  -- Solve :
          min -0.0145669  max 1.74542
  -- Solve :
          min -0.0145669  max 1.74542
  -- Solve :
          min -0.0145669  max 1.74542
  -- Solve :
          min -0.0279126  max 1.72136
  -- Solve :
          min -0.0380531  max 1.70933
  -- Solve :
          min -0.0431234  max 1.70331
  -- Solve :
          min -0.0456585  max 1.7003
  -- Solve :
          min -0.0456585  max 1.7003
  -- Solve :
          min -0.000103557  max 0.00248548
  19 4.5537820e-005 0.00e+000 9.96e-003 -11.0 3.12e-001    -  1.00e+000 6.25e-002f  5
  -- Solve :
          min -0.0344117  max 1.72239
  -- Solve :
          min -0.0344117  max 1.72239
  -- Solve :
          min -0.0344117  max 1.72239
  -- Solve :
          min -0.0344117  max 1.72239
  -- Solve :
          min -0.0344117  max 1.72239
  -- Solve :
          min -0.0400351  max 1.71134
  -- Solve :
          min -0.0428468  max 1.70582
  -- Solve :
          min -0.0442526  max 1.70306
  -- Solve :
          min -0.0442526  max 1.70306
  -- Solve :
          min -4.3921e-037  max 0.00392131
iter    objective    inf_pr   inf_du lg(mu)  ||d||  lg(rg) alpha_du alpha_pr  ls
  20 4.4265860e-005 0.00e+000 1.57e-002 -11.0 3.35e-001    -  1.00e+000 1.25e-001f  4
  -- Solve :
          min -0.285495  max 2.08473
  -- Solve :
          min -0.285495  max 2.08473
  -- Solve :
          min -0.285495  max 2.08473
  -- Solve :
          min -0.285495  max 2.08473
  -- Solve :
          min -0.285495  max 2.08473
  -- Solve :
          min -0.145617  max 1.8939
  -- Solve :
          min -0.0756773  max 1.79848
  -- Solve :
          min -0.0407076  max 1.75077
  -- Solve :
          min -0.0249924  max 1.72692
  -- Solve :
          min -0.0330996  max 1.71499
  -- Solve :
          min -0.0386761  max 1.70903
  -- Solve :
          min -0.0414644  max 1.70605
  -- Solve :
          min -0.0428585  max 1.70455
  -- Solve :
          min -0.0435556  max 1.70381
  -- Solve :
          min -0.0439041  max 1.70344
  -- Solve :
          min -0.0440784  max 1.70325
  -- Solve :
          min -0.0441655  max 1.70316
  -- Solve :
          min -0.0442091  max 1.70311
  -- Solve :
          min -0.0442309  max 1.70309
  -- Solve :
          min -0.0442417  max 1.70308
  -- Solve :
          min -0.0442472  max 1.70307
  -- Solve :
          min -0.0442499  max 1.70307
  -- Solve :
          min -0.0442513  max 1.70307
  -- Solve :
          min -0.044252  max 1.70306
  -- Solve :
          min -0.0442523  max 1.70306
  -- Solve :
          min -0.0442525  max 1.70306
  -- Solve :
          min -0.0442526  max 1.70306
  -- Solve :
          min -0.0442526  max 1.70306
  -- Solve :
          min -0.0442526  max 1.70306
  -- Solve :
          min -0.0442526  max 1.70306
  -- Solve :
          min -0.0442526  max 1.70306
  -- Solve :
          min -0.0442526  max 1.70306
  -- Solve :
          min -0.0442526  max 1.70306
  -- Solve :
          min -0.0442526  max 1.70306
  -- Solve :
          min -0.0442526  max 1.70306
  -- Solve :
          min -0.0442526  max 1.70306
  -- Solve :
          min -0.0442526  max 1.70306
  -- Solve :
          min -0.0442526  max 1.70306
  -- Solve :
          min -0.0442526  max 1.70306
  -- Solve :
          min -0.0442526  max 1.70306
  -- Solve :
          min -0.0442526  max 1.70306
  -- Solve :
          min -0.0442526  max 1.70306
  -- Solve :
          min -0.0442526  max 1.70306
  -- Solve :
          min -0.0442526  max 1.70306
  -- Solve :
          min -0.0442526  max 1.70306
  -- Solve :
          min -0.0442526  max 1.70306
  -- Solve :
          min -0.0442526  max 1.70306
  -- Solve :
          min -0.0442526  max 1.70306
  -- Solve :
          min -0.0442526  max 1.70306
  -- Solve :
          min -0.0442526  max 1.70306
  -- Solve :
          min -0.0442526  max 1.70306
  -- Solve :
          min -0.0442526  max 1.70306
  -- Solve :
          min -0.0442526  max 1.70306
  -- Solve :
          min -0.0442526  max 1.70306
  -- Solve :
          min -0.0442526  max 1.70306
  -- Solve :
          min -4.3921e-037  max 0.00392131
  21 4.4265860e-005 0.00e+000 1.57e-002 -11.0 3.80e+000    -  1.00e+000 1.78e-015f 50
  -- Solve :
          min -0.285495  max 2.08473
  -- Solve :
          min -0.285495  max 2.08473
  -- Solve :
          min -0.285495  max 2.08473
  -- Solve :
          min -0.285495  max 2.08473
  -- Solve :
          min -0.285495  max 2.08473
  -- Solve :
          min -0.145617  max 1.8939
  -- Solve :
          min -0.0756773  max 1.79848
  -- Solve :
          min -0.0407076  max 1.75077
  -- Solve :
          min -0.0249924  max 1.72692
  -- Solve :
          min -0.0330996  max 1.71499
  -- Solve :
          min -0.0386761  max 1.70903
  -- Solve :
          min -0.0414644  max 1.70605
  -- Solve :
          min -0.0428585  max 1.70455
  -- Solve :
          min -0.0435556  max 1.70381
  -- Solve :
          min -0.0439041  max 1.70344
  -- Solve :
          min -0.0440784  max 1.70325
  -- Solve :
          min -0.0441655  max 1.70316
  -- Solve :
          min -0.0442091  max 1.70311
  -- Solve :
          min -0.0442309  max 1.70309
  -- Solve :
          min -0.0442417  max 1.70308
  -- Solve :
          min -0.0442472  max 1.70307
  -- Solve :
          min -0.0442499  max 1.70307
  -- Solve :
          min -0.0442513  max 1.70307
  -- Solve :
          min -0.044252  max 1.70306
  -- Solve :
          min -0.0442523  max 1.70306
  -- Solve :
          min -0.0442525  max 1.70306
  -- Solve :
          min -0.0442526  max 1.70306
  -- Solve :
          min -0.0442526  max 1.70306
  -- Solve :
          min -0.0442526  max 1.70306
  -- Solve :
          min -0.0442526  max 1.70306
  -- Solve :
          min -0.0442526  max 1.70306
  -- Solve :
          min -0.0442526  max 1.70306
  -- Solve :
          min -0.0442526  max 1.70306
  -- Solve :
          min -0.0442526  max 1.70306
  -- Solve :
          min -0.0442526  max 1.70306
  -- Solve :
          min -0.0442526  max 1.70306
  -- Solve :
          min -0.0442526  max 1.70306
  -- Solve :
          min -0.0442526  max 1.70306
  -- Solve :
          min -0.0442526  max 1.70306
  -- Solve :
          min -0.0442526  max 1.70306
  -- Solve :
          min -0.0442526  max 1.70306
  -- Solve :
          min -0.0442526  max 1.70306
  -- Solve :
          min -0.0442526  max 1.70306
  -- Solve :
          min -0.0442526  max 1.70306
  -- Solve :
          min -0.0442526  max 1.70306
  -- Solve :
          min -0.0442526  max 1.70306
  -- Solve :
          min -0.0442526  max 1.70306
  -- Solve :
          min -0.0442526  max 1.70306
  -- Solve :
          min -0.0442526  max 1.70306
  -- Solve :
          min -0.0442526  max 1.70306
  -- Solve :
          min -0.0442526  max 1.70306
  -- Solve :
          min -0.0442526  max 1.70306
  -- Solve :
          min -0.0442526  max 1.70306
  -- Solve :
          min -0.0442526  max 1.70306
  -- Solve :
          min -0.0442526  max 1.70306
  -- Solve :
          min -0.0442526  max 1.70306
  -- Solve :
          min -0.0442526  max 1.70306
  -- Solve :
          min -0.0442526  max 1.70306
  -- Solve :
          min -0.0442526  max 1.70306
  -- Solve :
          min -0.0442526  max 1.70306
  -- Solve :
          min -0.0442526  max 1.70306
  -- Solve :
          min -0.0442526  max 1.70306
  -- Solve :
          min -4.3921e-037  max 0.00392131
  22 4.4265860e-005 0.00e+000 1.57e-002 -11.0 3.80e+000    -  1.00e+000 1.39e-017f 57
  -- Solve :
          min -0.285495  max 2.08473
  -- Solve :
          min -0.285495  max 2.08473
  -- Solve :
          min -0.285495  max 2.08473
  -- Solve :
          min -0.285495  max 2.08473
  -- Solve :
          min -0.285495  max 2.08473
  -- Solve :
          min -0.145617  max 1.8939
  -- Solve :
          min -0.0756773  max 1.79848
  -- Solve :
          min -0.0407076  max 1.75077
  -- Solve :
          min -0.0249924  max 1.72692
  -- Solve :
          min -0.0330996  max 1.71499
  -- Solve :
          min -0.0386761  max 1.70903
  -- Solve :
          min -0.0414644  max 1.70605
  -- Solve :
          min -0.0428585  max 1.70455
  -- Solve :
          min -0.0435556  max 1.70381
  -- Solve :
          min -0.0439041  max 1.70344
  -- Solve :
          min -0.0440784  max 1.70325
  -- Solve :
          min -0.0441655  max 1.70316
  -- Solve :
          min -0.0442091  max 1.70311
  -- Solve :
          min -0.0442309  max 1.70309
  -- Solve :
          min -0.0442417  max 1.70308
  -- Solve :
          min -0.0442472  max 1.70307
  -- Solve :
          min -0.0442499  max 1.70307
  -- Solve :
          min -0.0442513  max 1.70307
  -- Solve :
          min -0.044252  max 1.70306
  -- Solve :
          min -0.0442523  max 1.70306
  -- Solve :
          min -0.0442525  max 1.70306
  -- Solve :
          min -0.0442526  max 1.70306
  -- Solve :
          min -0.0442526  max 1.70306
  -- Solve :
          min -0.0442526  max 1.70306
  -- Solve :
          min -0.0442526  max 1.70306
  -- Solve :
          min -0.0442526  max 1.70306
  -- Solve :
          min -0.0442526  max 1.70306
  -- Solve :
          min -0.0442526  max 1.70306
  -- Solve :
          min -0.0442526  max 1.70306
  -- Solve :
          min -0.0442526  max 1.70306
  -- Solve :
          min -0.0442526  max 1.70306
  -- Solve :
          min -0.0442526  max 1.70306
  -- Solve :
          min -0.0442526  max 1.70306
  -- Solve :
          min -0.0442526  max 1.70306
  -- Solve :
          min -0.0442526  max 1.70306
  -- Solve :
          min -0.0442526  max 1.70306
  -- Solve :
          min -0.0442526  max 1.70306
  -- Solve :
          min -0.0442526  max 1.70306
  -- Solve :
          min -0.0442526  max 1.70306
  -- Solve :
          min -0.0442526  max 1.70306
  -- Solve :
          min -0.0442526  max 1.70306
  -- Solve :
          min -0.0442526  max 1.70306
  -- Solve :
          min -0.0442526  max 1.70306
  -- Solve :
          min -0.0442526  max 1.70306
  -- Solve :
          min -0.0442526  max 1.70306
  -- Solve :
          min -0.0442526  max 1.70306
  -- Solve :
          min -0.0442526  max 1.70306
  -- Solve :
          min -0.0442526  max 1.70306
  -- Solve :
          min -0.0442526  max 1.70306
  -- Solve :
          min -0.0442526  max 1.70306
  -- Solve :
          min -0.0442526  max 1.70306
  -- Solve :
          min -4.3921e-037  max 0.00392131
  23 4.4265860e-005 0.00e+000 1.57e-002 -11.0 3.80e+000    -  1.00e+000 8.88e-016f 51
  -- Solve :
          min -0.0644824  max 1.68333
  -- Solve :
          min -0.0644824  max 1.68333
  -- Solve :
          min -0.0644824  max 1.68333
  -- Solve :
          min -0.0644824  max 1.68333
  -- Solve :
          min -0.0644824  max 1.68333
  -- Solve :
          min -0.0543675  max 1.69319
  -- Solve :
          min -0.0543675  max 1.69319
  -- Solve :
          min -0.00264298  max 5.10542e-037
  24 3.8197919e-005 0.00e+000 8.14e-003 -11.0 1.57e-002    -  1.00e+000 5.00e-001f  2
  -- Solve :
          min -0.0505596  max 1.69694
  -- Solve :
          min -0.0505596  max 1.69694
  -- Solve :
          min -0.000718998  max 0.000425791
  25 3.5218240e-005 0.00e+000 1.94e-003 -11.0 2.65e-003    -  1.00e+000 1.00e+000f  1
  -- Solve :
          min -0.0505809  max 1.69695
  -- Solve :
          min -0.0505809  max 1.69695
  -- Solve :
          min -0.000684618  max 0.000441094
  26 3.5113170e-005 0.00e+000 1.88e-003 -11.0 6.11e-004    -  1.00e+000 1.00e+000f  1
  -- Solve :
          min -1.41307  max 2.48613
  -- Solve :
          min -1.41307  max 2.48613
  -- Solve :
          min -1.41307  max 2.48613
  -- Solve :
          min -1.41307  max 2.48613
  -- Solve :
          min -1.41307  max 2.48613
  -- Solve :
          min -0.709768  max 1.68784
  -- Solve :
          min -0.358116  max 1.67653
  -- Solve :
          min -0.18229  max 1.68674
  -- Solve :
          min -0.0943773  max 1.69184
  -- Solve :
          min -0.0668592  max 1.6944
  -- Solve :
          min -0.05872  max 1.69567
  -- Solve :
          min -0.0546505  max 1.69631
  -- Solve :
          min -0.0546505  max 1.69631
  -- Solve :
          min -0.00022616  max 0.00312513
  27 3.2087538e-005 0.00e+000 1.00e-002 -11.0 9.63e+000    -  1.00e+000 7.81e-003f  8
  -- Solve :
          min -0.0710722  max 1.73253
  -- Solve :
          min -0.0710722  max 1.73253
  -- Solve :
          min -0.0710722  max 1.73253
  -- Solve :
          min -0.0710722  max 1.73253
  -- Solve :
          min -0.0710722  max 1.73253
  -- Solve :
          min -0.0437749  max 1.71442
  -- Solve :
          min -0.0473402  max 1.70536
  -- Solve :
          min -0.0509954  max 1.70084
  -- Solve :
          min -0.0528229  max 1.69857
  -- Solve :
          min -0.0537367  max 1.69744
  -- Solve :
          min -0.0541936  max 1.69688
  -- Solve :
          min -0.054422  max 1.69659
  -- Solve :
          min -0.0545362  max 1.69645
  -- Solve :
          min -0.0545933  max 1.69638
  -- Solve :
          min -0.0546219  max 1.69635
  -- Solve :
          min -0.0546362  max 1.69633
  -- Solve :
          min -0.0546433  max 1.69632
  -- Solve :
          min -0.0546469  max 1.69632
  -- Solve :
          min -0.0546487  max 1.69631
  -- Solve :
          min -0.0546496  max 1.69631
  -- Solve :
          min -0.05465  max 1.69631
  -- Solve :
          min -0.0546502  max 1.69631
  -- Solve :
          min -0.0546503  max 1.69631
  -- Solve :
          min -0.0546504  max 1.69631
  -- Solve :
          min -0.0546504  max 1.69631
  -- Solve :
          min -0.0546504  max 1.69631
  -- Solve :
          min -0.0546504  max 1.69631
  -- Solve :
          min -0.0546505  max 1.69631
  -- Solve :
          min -0.0546505  max 1.69631
  -- Solve :
          min -0.0546505  max 1.69631
  -- Solve :
          min -0.0546505  max 1.69631
  -- Solve :
          min -0.0546505  max 1.69631
  -- Solve :
          min -0.0546505  max 1.69631
  -- Solve :
          min -0.0546505  max 1.69631
  -- Solve :
          min -0.0546505  max 1.69631
  -- Solve :
          min -0.0546505  max 1.69631
  -- Solve :
          min -0.0546505  max 1.69631
  -- Solve :
          min -0.0546505  max 1.69631
  -- Solve :
          min -0.0546505  max 1.69631
  -- Solve :
          min -0.0546505  max 1.69631
  -- Solve :
          min -0.0546505  max 1.69631
  -- Solve :
          min -0.0546505  max 1.69631
  -- Solve :
          min -0.0546505  max 1.69631
  -- Solve :
          min -0.0546505  max 1.69631
  -- Solve :
          min -0.0546505  max 1.69631
  -- Solve :
          min -0.0546505  max 1.69631
  -- Solve :
          min -0.0546505  max 1.69631
  -- Solve :
          min -0.0546505  max 1.69631
  -- Solve :
          min -0.0546505  max 1.69631
  -- Solve :
          min -0.0546505  max 1.69631
  -- Solve :
          min -0.00022616  max 0.00312513
  28 3.2087538e-005 0.00e+000 1.00e-002 -11.0 4.91e-001    -  1.00e+000 5.68e-014f 45
  -- Solve :
          min -0.230745  max 1.94767
  -- Solve :
          min -0.230745  max 1.94767
  -- Solve :
          min -0.230745  max 1.94767
  -- Solve :
          min -0.230745  max 1.94767
  -- Solve :
          min -0.230745  max 1.94767
  -- Solve :
          min -0.122135  max 1.82199
  -- Solve :
          min -0.0678302  max 1.75915
  -- Solve :
          min -0.0410041  max 1.72773
  -- Solve :
          min -0.0409576  max 1.71202
  -- Solve :
          min -0.047804  max 1.70417
  -- Solve :
          min -0.0512272  max 1.70024
  -- Solve :
          min -0.0529388  max 1.69828
  -- Solve :
          min -0.0537947  max 1.69729
  -- Solve :
          min -0.0542226  max 1.6968
  -- Solve :
          min -0.0544365  max 1.69656
  -- Solve :
          min -0.0545435  max 1.69643
  -- Solve :
          min -0.054597  max 1.69637
  -- Solve :
          min -0.0546237  max 1.69634
  -- Solve :
          min -0.0546371  max 1.69633
  -- Solve :
          min -0.0546438  max 1.69632
  -- Solve :
          min -0.0546471  max 1.69632
  -- Solve :
          min -0.0546488  max 1.69631
  -- Solve :
          min -0.0546496  max 1.69631
  -- Solve :
          min -0.05465  max 1.69631
  -- Solve :
          min -0.0546502  max 1.69631
  -- Solve :
          min -0.0546504  max 1.69631
  -- Solve :
          min -0.0546504  max 1.69631
  -- Solve :
          min -0.0546504  max 1.69631
  -- Solve :
          min -0.0546504  max 1.69631
  -- Solve :
          min -0.0546505  max 1.69631
  -- Solve :
          min -0.0546505  max 1.69631
  -- Solve :
          min -0.0546505  max 1.69631
  -- Solve :
          min -0.0546505  max 1.69631
  -- Solve :
          min -0.0546505  max 1.69631
  -- Solve :
          min -0.0546505  max 1.69631
  -- Solve :
          min -0.0546505  max 1.69631
  -- Solve :
          min -0.0546505  max 1.69631
  -- Solve :
          min -0.0546505  max 1.69631
  -- Solve :
          min -0.0546505  max 1.69631
  -- Solve :
          min -0.0546505  max 1.69631
  -- Solve :
          min -0.0546505  max 1.69631
  -- Solve :
          min -0.0546505  max 1.69631
  -- Solve :
          min -0.0546505  max 1.69631
  -- Solve :
          min -0.0546505  max 1.69631
  -- Solve :
          min -0.0546505  max 1.69631
  -- Solve :
          min -0.0546505  max 1.69631
  -- Solve :
          min -0.0546505  max 1.69631
  -- Solve :
          min -0.0546505  max 1.69631
  -- Solve :
          min -0.0546505  max 1.69631
  -- Solve :
          min -0.0546505  max 1.69631
  -- Solve :
          min -0.0546505  max 1.69631
  -- Solve :
          min -0.0546505  max 1.69631
  -- Solve :
          min -0.0546505  max 1.69631
  -- Solve :
          min -0.0546505  max 1.69631
  -- Solve :
          min -0.0546505  max 1.69631
  -- Solve :
          min -0.0546505  max 1.69631
  -- Solve :
          min -0.0546505  max 1.69631
  -- Solve :
          min -0.0546505  max 1.69631
  -- Solve :
          min -0.0546505  max 1.69631
  -- Solve :
          min -0.0546505  max 1.69631
  -- Solve :
          min -0.0546505  max 1.69631
  -- Solve :
          min -0.0546505  max 1.69631
  -- Solve :
          min -0.0546505  max 1.69631
  -- Solve :
          min -0.00022616  max 0.00312513
  29 3.2087538e-005 0.00e+000 1.00e-002 -11.0 3.37e+000    -  1.00e+000 6.94e-018f 58
  -- Solve :
          min -0.230745  max 1.94767
  -- Solve :
          min -0.230745  max 1.94767
  -- Solve :
          min -0.230745  max 1.94767
  -- Solve :
          min -0.230745  max 1.94767
  -- Solve :
          min -0.230745  max 1.94767
  -- Solve :
          min -0.122135  max 1.82199
  -- Solve :
          min -0.0678302  max 1.75915
  -- Solve :
          min -0.0410041  max 1.72773
  -- Solve :
          min -0.0409576  max 1.71202
  -- Solve :
          min -0.047804  max 1.70417
  -- Solve :
          min -0.0512272  max 1.70024
  -- Solve :
          min -0.0529388  max 1.69828
  -- Solve :
          min -0.0537947  max 1.69729
  -- Solve :
          min -0.0542226  max 1.6968
  -- Solve :
          min -0.0544365  max 1.69656
  -- Solve :
          min -0.0545435  max 1.69643
  -- Solve :
          min -0.054597  max 1.69637
  -- Solve :
          min -0.0546237  max 1.69634
  -- Solve :
          min -0.0546371  max 1.69633
  -- Solve :
          min -0.0546438  max 1.69632
  -- Solve :
          min -0.0546471  max 1.69632
  -- Solve :
          min -0.0546488  max 1.69631
  -- Solve :
          min -0.0546496  max 1.69631
  -- Solve :
          min -0.05465  max 1.69631
  -- Solve :
          min -0.0546502  max 1.69631
  -- Solve :
          min -0.0546504  max 1.69631
  -- Solve :
          min -0.0546504  max 1.69631
  -- Solve :
          min -0.0546504  max 1.69631
  -- Solve :
          min -0.0546504  max 1.69631
  -- Solve :
          min -0.0546505  max 1.69631
  -- Solve :
          min -0.0546505  max 1.69631
  -- Solve :
          min -0.0546505  max 1.69631
  -- Solve :
          min -0.0546505  max 1.69631
  -- Solve :
          min -0.0546505  max 1.69631
  -- Solve :
          min -0.0546505  max 1.69631
  -- Solve :
          min -0.0546505  max 1.69631
  -- Solve :
          min -0.0546505  max 1.69631
  -- Solve :
          min -0.0546505  max 1.69631
  -- Solve :
          min -0.0546505  max 1.69631
  -- Solve :
          min -0.0546505  max 1.69631
  -- Solve :
          min -0.0546505  max 1.69631
  -- Solve :
          min -0.0546505  max 1.69631
  -- Solve :
          min -0.0546505  max 1.69631
  -- Solve :
          min -0.0546505  max 1.69631
  -- Solve :
          min -0.0546505  max 1.69631
  -- Solve :
          min -0.0546505  max 1.69631
  -- Solve :
          min -0.0546505  max 1.69631
  -- Solve :
          min -0.0546505  max 1.69631
  -- Solve :
          min -0.0546505  max 1.69631
  -- Solve :
          min -0.0546505  max 1.69631
  -- Solve :
          min -0.0546505  max 1.69631
  -- Solve :
          min -0.0546505  max 1.69631
  -- Solve :
          min -0.0546505  max 1.69631
  -- Solve :
          min -0.0546505  max 1.69631
  -- Solve :
          min -0.0546505  max 1.69631
  -- Solve :
          min -0.0546505  max 1.69631
  -- Solve :
          min -0.0546505  max 1.69631
  -- Solve :
          min -0.0546505  max 1.69631
  -- Solve :
          min -0.00022616  max 0.00312513
iter    objective    inf_pr   inf_du lg(mu)  ||d||  lg(rg) alpha_du alpha_pr  ls
  30 3.2087538e-005 0.00e+000 1.00e-002 -11.0 3.37e+000    -  1.00e+000 2.22e-016f 53
  -- Solve :
          min -0.230745  max 1.94767
  -- Solve :
          min -0.230745  max 1.94767
  -- Solve :
          min -0.230745  max 1.94767
  -- Solve :
          min -0.230745  max 1.94767
  -- Solve :
          min -0.230745  max 1.94767
  -- Solve :
          min -0.122135  max 1.82199
  -- Solve :
          min -0.0678302  max 1.75915
  -- Solve :
          min -0.0410041  max 1.72773
  -- Solve :
          min -0.0409576  max 1.71202
  -- Solve :
          min -0.047804  max 1.70417
  -- Solve :
          min -0.0512272  max 1.70024
  -- Solve :
          min -0.0529388  max 1.69828
  -- Solve :
          min -0.0537947  max 1.69729
  -- Solve :
          min -0.0542226  max 1.6968
  -- Solve :
          min -0.0544365  max 1.69656
  -- Solve :
          min -0.0545435  max 1.69643
  -- Solve :
          min -0.054597  max 1.69637
  -- Solve :
          min -0.0546237  max 1.69634
  -- Solve :
          min -0.0546371  max 1.69633
  -- Solve :
          min -0.0546438  max 1.69632
  -- Solve :
          min -0.0546471  max 1.69632
  -- Solve :
          min -0.0546488  max 1.69631
  -- Solve :
          min -0.0546496  max 1.69631
  -- Solve :
          min -0.05465  max 1.69631
  -- Solve :
          min -0.0546502  max 1.69631
  -- Solve :
          min -0.0546504  max 1.69631
  -- Solve :
          min -0.0546504  max 1.69631
  -- Solve :
          min -0.0546504  max 1.69631
  -- Solve :
          min -0.0546504  max 1.69631
  -- Solve :
          min -0.0546505  max 1.69631
  -- Solve :
          min -0.0546505  max 1.69631
  -- Solve :
          min -0.0546505  max 1.69631
  -- Solve :
          min -0.0546505  max 1.69631
  -- Solve :
          min -0.0546505  max 1.69631
  -- Solve :
          min -0.0546505  max 1.69631
  -- Solve :
          min -0.0546505  max 1.69631
  -- Solve :
          min -0.0546505  max 1.69631
  -- Solve :
          min -0.0546505  max 1.69631
  -- Solve :
          min -0.0546505  max 1.69631
  -- Solve :
          min -0.0546505  max 1.69631
  -- Solve :
          min -0.0546505  max 1.69631
  -- Solve :
          min -0.0546505  max 1.69631
  -- Solve :
          min -0.0546505  max 1.69631
  -- Solve :
          min -0.0546505  max 1.69631
  -- Solve :
          min -0.0546505  max 1.69631
  -- Solve :
          min -0.0546505  max 1.69631
  -- Solve :
          min -0.0546505  max 1.69631
  -- Solve :
          min -0.0546505  max 1.69631
  -- Solve :
          min -0.0546505  max 1.69631
  -- Solve :
          min -0.0546505  max 1.69631
  -- Solve :
          min -0.0546505  max 1.69631
  -- Solve :
          min -0.0546505  max 1.69631
  -- Solve :
          min -0.0546505  max 1.69631
  -- Solve :
          min -0.0546505  max 1.69631
  -- Solve :
          min -0.0546505  max 1.69631
  -- Solve :
          min -0.0546505  max 1.69631
  -- Solve :
          min -0.0546505  max 1.69631
  -- Solve :
          min -0.0546505  max 1.69631
  -- Solve :
          min -0.0546505  max 1.69631
  -- Solve :
          min -0.0546505  max 1.69631
  -- Solve :
          min -0.0546505  max 1.69631
  -- Solve :
          min -0.0546505  max 1.69631
  -- Solve :
          min -0.0546505  max 1.69631
  -- Solve :
          min -0.0546505  max 1.69631
  -- Solve :
          min -0.0546505  max 1.69631
  -- Solve :
          min -0.0546505  max 1.69631
  -- Solve :
          min -0.00022616  max 0.00312513
  31 3.2087538e-005 0.00e+000 1.00e-002 -11.0 3.37e+000    -  1.00e+000 8.67e-019f 61
  -- Solve :
          min -0.0676325  max 1.68334
  -- Solve :
          min -0.0676325  max 1.68334
  -- Solve :
          min -0.0676325  max 1.68334
  -- Solve :
          min -0.0676325  max 1.68334
  -- Solve :
          min -0.0676325  max 1.68334
  -- Solve :
          min -0.0611415  max 1.68983
  -- Solve :
          min -0.057896  max 1.69307
  -- Solve :
          min -0.057896  max 1.69307
  -- Solve :
          min -0.000849815  max 0.00140617
  32 2.9569788e-005 0.00e+000 3.72e-003 -11.0 1.00e-002    -  1.00e+000 2.50e-001f  3
  -- Solve :
          min -0.0585116  max 1.69238
  -- Solve :
          min -0.0585116  max 1.69238
  -- Solve :
          min -0.00104747  max 0.000910914
  33 2.9453021e-005 0.00e+000 4.33e-003 -11.0 1.34e-003    -  1.00e+000 1.00e+000f  1
  -- Solve :
          min -0.0588165  max 1.69168
  -- Solve :
          min -0.0588165  max 1.69168
  -- Solve :
          min -0.00202072  max 0.00013162
  34 2.9359170e-005 0.00e+000 8.09e-003 -11.0 6.70e-003    -  1.00e+000 1.00e+000f  1
  -- Solve :
          min -0.0557117  max 1.69293
  -- Solve :
          min -0.0557117  max 1.69293
  -- Solve :
          min -0.0557117  max 1.69293
  -- Solve :
          min -0.0557117  max 1.69293
  -- Solve :
          min -0.0557117  max 1.69293
  -- Solve :
          min -0.0572641  max 1.6923
  -- Solve :
          min -0.0580403  max 1.69199
  -- Solve :
          min -0.0580403  max 1.69199
  -- Solve :
          min -0.00256237  max 6.24699e-037
  35 2.9034614e-005 0.00e+000 1.03e-002 -11.0 2.79e-002    -  1.00e+000 2.50e-001f  3
  -- Solve :
          min -0.0472077  max 1.6992
  -- Solve :
          min -0.0472077  max 1.6992
  -- Solve :
          min -0.0472077  max 1.6992
  -- Solve :
          min -0.0472077  max 1.6992
  -- Solve :
          min -0.0472077  max 1.6992
  -- Solve :
          min -0.052624  max 1.69559
  -- Solve :
          min -0.052624  max 1.69559
  -- Solve :
          min -0.00288312  max 1.26701e-036
  36 2.7391034e-005 0.00e+000 1.08e-002 -11.0 5.01e-002    -  1.00e+000 5.00e-001f  2
  -- Solve :
          min -0.0483483  max 1.69962
  -- Solve :
          min -0.0483483  max 1.69962
  -- Solve :
          min -0.00177946  max 0.00064329
  37 2.4107349e-005 0.00e+000 4.72e-003 -11.0 2.75e-002    -  1.00e+000 1.00e+000f  1
  -- Solve :
          min -0.0356698  max 1.71242
  -- Solve :
          min -0.0356698  max 1.71242
  -- Solve :
          min -0.0356698  max 1.71242
  -- Solve :
          min -0.0356698  max 1.71242
  -- Solve :
          min -0.0356698  max 1.71242
  -- Solve :
          min -0.0420091  max 1.70602
  -- Solve :
          min -0.0451787  max 1.70282
  -- Solve :
          min -0.0451787  max 1.70282
  -- Solve :
          min -0.000483394  max 0.0012871
  38 2.3636708e-005 0.00e+000 5.33e-003 -11.0 7.67e-002    -  1.00e+000 2.50e-001f  3
  -- Solve :
          min -0.0416742  max 1.70919
  -- Solve :
          min -0.0416742  max 1.70919
  -- Solve :
          min -0.0416742  max 1.70919
  -- Solve :
          min -0.0416742  max 1.70919
  -- Solve :
          min -0.0416742  max 1.70919
  -- Solve :
          min -0.0434265  max 1.706
  -- Solve :
          min -0.0443026  max 1.70441
  -- Solve :
          min -0.0447406  max 1.70362
  -- Solve :
          min -0.0447406  max 1.70362
  -- Solve :
          min -0.000220097  max 0.00204403
  39 2.3501172e-005 0.00e+000 8.15e-003 -11.0 7.84e-002    -  1.00e+000 1.25e-001f  4
  -- Solve :
          min -0.142101  max 1.89384
  -- Solve :
          min -0.142101  max 1.89384
  -- Solve :
          min -0.142101  max 1.89384
  -- Solve :
          min -0.142101  max 1.89384
  -- Solve :
          min -0.142101  max 1.89384
  -- Solve :
          min -0.0789054  max 1.79873
  -- Solve :
          min -0.0473075  max 1.75117
  -- Solve :
          min -0.0320456  max 1.72739
  -- Solve :
          min -0.0368882  max 1.71551
  -- Solve :
          min -0.0408144  max 1.70956
  -- Solve :
          min -0.0427775  max 1.70659
  -- Solve :
          min -0.0437591  max 1.7051
  -- Solve :
          min -0.0442498  max 1.70436
  -- Solve :
          min -0.0444952  max 1.70399
  -- Solve :
          min -0.0446179  max 1.7038
  -- Solve :
          min -0.0446793  max 1.70371
  -- Solve :
          min -0.04471  max 1.70366
  -- Solve :
          min -0.0447253  max 1.70364
  -- Solve :
          min -0.044733  max 1.70363
  -- Solve :
          min -0.0447368  max 1.70362
  -- Solve :
          min -0.0447387  max 1.70362
  -- Solve :
          min -0.0447397  max 1.70362
  -- Solve :
          min -0.0447401  max 1.70362
  -- Solve :
          min -0.0447404  max 1.70362
  -- Solve :
          min -0.0447405  max 1.70362
  -- Solve :
          min -0.0447406  max 1.70362
  -- Solve :
          min -0.0447406  max 1.70362
  -- Solve :
          min -0.0447406  max 1.70362
  -- Solve :
          min -0.0447406  max 1.70362
  -- Solve :
          min -0.0447406  max 1.70362
  -- Solve :
          min -0.0447406  max 1.70362
  -- Solve :
          min -0.0447406  max 1.70362
  -- Solve :
          min -0.0447406  max 1.70362
  -- Solve :
          min -0.0447406  max 1.70362
  -- Solve :
          min -0.0447406  max 1.70362
  -- Solve :
          min -0.0447406  max 1.70362
  -- Solve :
          min -0.0447406  max 1.70362
  -- Solve :
          min -0.0447406  max 1.70362
  -- Solve :
          min -0.0447406  max 1.70362
  -- Solve :
          min -0.0447406  max 1.70362
  -- Solve :
          min -0.0447406  max 1.70362
  -- Solve :
          min -0.0447406  max 1.70362
  -- Solve :
          min -0.0447406  max 1.70362
  -- Solve :
          min -0.0447406  max 1.70362
  -- Solve :
          min -0.0447406  max 1.70362
  -- Solve :
          min -0.0447406  max 1.70362
  -- Solve :
          min -0.0447406  max 1.70362
  -- Solve :
          min -0.0447406  max 1.70362
  -- Solve :
          min -0.0447406  max 1.70362
  -- Solve :
          min -0.0447406  max 1.70362
  -- Solve :
          min -0.0447406  max 1.70362
  -- Solve :
          min -0.0447406  max 1.70362
  -- Solve :
          min -0.0447406  max 1.70362
  -- Solve :
          min -0.0447406  max 1.70362
  -- Solve :
          min -0.000220097  max 0.00204403
iter    objective    inf_pr   inf_du lg(mu)  ||d||  lg(rg) alpha_du alpha_pr  ls
  40 2.3501172e-005 0.00e+000 8.15e-003 -11.0 2.54e+000    -  1.00e+000 3.55e-015f 49
  -- Solve :
          min -0.142101  max 1.89384
  -- Solve :
          min -0.142101  max 1.89384
  -- Solve :
          min -0.142101  max 1.89384
  -- Solve :
          min -0.142101  max 1.89384
  -- Solve :
          min -0.142101  max 1.89384
  -- Solve :
          min -0.0789054  max 1.79873
  -- Solve :
          min -0.0473075  max 1.75117
  -- Solve :
          min -0.0320456  max 1.72739
  -- Solve :
          min -0.0368882  max 1.71551
  -- Solve :
          min -0.0408144  max 1.70956
  -- Solve :
          min -0.0427775  max 1.70659
  -- Solve :
          min -0.0437591  max 1.7051
  -- Solve :
          min -0.0442498  max 1.70436
  -- Solve :
          min -0.0444952  max 1.70399
  -- Solve :
          min -0.0446179  max 1.7038
  -- Solve :
          min -0.0446793  max 1.70371
  -- Solve :
          min -0.04471  max 1.70366
  -- Solve :
          min -0.0447253  max 1.70364
  -- Solve :
          min -0.044733  max 1.70363
  -- Solve :
          min -0.0447368  max 1.70362
  -- Solve :
          min -0.0447387  max 1.70362
  -- Solve :
          min -0.0447397  max 1.70362
  -- Solve :
          min -0.0447401  max 1.70362
  -- Solve :
          min -0.0447404  max 1.70362
  -- Solve :
          min -0.0447405  max 1.70362
  -- Solve :
          min -0.0447406  max 1.70362
  -- Solve :
          min -0.0447406  max 1.70362
  -- Solve :
          min -0.0447406  max 1.70362
  -- Solve :
          min -0.0447406  max 1.70362
  -- Solve :
          min -0.0447406  max 1.70362
  -- Solve :
          min -0.0447406  max 1.70362
  -- Solve :
          min -0.0447406  max 1.70362
  -- Solve :
          min -0.0447406  max 1.70362
  -- Solve :
          min -0.0447406  max 1.70362
  -- Solve :
          min -0.0447406  max 1.70362
  -- Solve :
          min -0.0447406  max 1.70362
  -- Solve :
          min -0.0447406  max 1.70362
  -- Solve :
          min -0.0447406  max 1.70362
  -- Solve :
          min -0.0447406  max 1.70362
  -- Solve :
          min -0.0447406  max 1.70362
  -- Solve :
          min -0.0447406  max 1.70362
  -- Solve :
          min -0.0447406  max 1.70362
  -- Solve :
          min -0.0447406  max 1.70362
  -- Solve :
          min -0.0447406  max 1.70362
  -- Solve :
          min -0.0447406  max 1.70362
  -- Solve :
          min -0.0447406  max 1.70362
  -- Solve :
          min -0.0447406  max 1.70362
  -- Solve :
          min -0.0447406  max 1.70362
  -- Solve :
          min -0.0447406  max 1.70362
  -- Solve :
          min -0.0447406  max 1.70362
  -- Solve :
          min -0.0447406  max 1.70362
  -- Solve :
          min -0.0447406  max 1.70362
  -- Solve :
          min -0.0447406  max 1.70362
  -- Solve :
          min -0.0447406  max 1.70362
  -- Solve :
          min -0.0447406  max 1.70362
  -- Solve :
          min -0.0447406  max 1.70362
  -- Solve :
          min -0.000220097  max 0.00204403
  41 2.3501172e-005 0.00e+000 8.15e-003 -11.0 2.54e+000    -  1.00e+000 8.88e-016f 51
  -- Solve :
          min -0.142101  max 1.89384
  -- Solve :
          min -0.142101  max 1.89384
  -- Solve :
          min -0.142101  max 1.89384
  -- Solve :
          min -0.142101  max 1.89384
  -- Solve :
          min -0.142101  max 1.89384
  -- Solve :
          min -0.0789054  max 1.79873
  -- Solve :
          min -0.0473075  max 1.75117
  -- Solve :
          min -0.0320456  max 1.72739
  -- Solve :
          min -0.0368882  max 1.71551
  -- Solve :
          min -0.0408144  max 1.70956
  -- Solve :
          min -0.0427775  max 1.70659
  -- Solve :
          min -0.0437591  max 1.7051
  -- Solve :
          min -0.0442498  max 1.70436
  -- Solve :
          min -0.0444952  max 1.70399
  -- Solve :
          min -0.0446179  max 1.7038
  -- Solve :
          min -0.0446793  max 1.70371
  -- Solve :
          min -0.04471  max 1.70366
  -- Solve :
          min -0.0447253  max 1.70364
  -- Solve :
          min -0.044733  max 1.70363
  -- Solve :
          min -0.0447368  max 1.70362
  -- Solve :
          min -0.0447387  max 1.70362
  -- Solve :
          min -0.0447397  max 1.70362
  -- Solve :
          min -0.0447401  max 1.70362
  -- Solve :
          min -0.0447404  max 1.70362
  -- Solve :
          min -0.0447405  max 1.70362
  -- Solve :
          min -0.0447406  max 1.70362
  -- Solve :
          min -0.0447406  max 1.70362
  -- Solve :
          min -0.0447406  max 1.70362
  -- Solve :
          min -0.0447406  max 1.70362
  -- Solve :
          min -0.0447406  max 1.70362
  -- Solve :
          min -0.0447406  max 1.70362
  -- Solve :
          min -0.0447406  max 1.70362
  -- Solve :
          min -0.0447406  max 1.70362
  -- Solve :
          min -0.0447406  max 1.70362
  -- Solve :
          min -0.0447406  max 1.70362
  -- Solve :
          min -0.0447406  max 1.70362
  -- Solve :
          min -0.0447406  max 1.70362
  -- Solve :
          min -0.0447406  max 1.70362
  -- Solve :
          min -0.0447406  max 1.70362
  -- Solve :
          min -0.0447406  max 1.70362
  -- Solve :
          min -0.0447406  max 1.70362
  -- Solve :
          min -0.0447406  max 1.70362
  -- Solve :
          min -0.0447406  max 1.70362
  -- Solve :
          min -0.0447406  max 1.70362
  -- Solve :
          min -0.0447406  max 1.70362
  -- Solve :
          min -0.0447406  max 1.70362
  -- Solve :
          min -0.0447406  max 1.70362
  -- Solve :
          min -0.0447406  max 1.70362
  -- Solve :
          min -0.0447406  max 1.70362
  -- Solve :
          min -0.0447406  max 1.70362
  -- Solve :
          min -0.0447406  max 1.70362
  -- Solve :
          min -0.0447406  max 1.70362
  -- Solve :
          min -0.0447406  max 1.70362
  -- Solve :
          min -0.0447406  max 1.70362
  -- Solve :
          min -0.0447406  max 1.70362
  -- Solve :
          min -0.0447406  max 1.70362
  -- Solve :
          min -0.0447406  max 1.70362
  -- Solve :
          min -0.0447406  max 1.70362
  -- Solve :
          min -0.0447406  max 1.70362
  -- Solve :
          min -0.0447406  max 1.70362
  -- Solve :
          min -0.0447406  max 1.70362
  -- Solve :
          min -0.0447406  max 1.70362
  -- Solve :
          min -0.0447406  max 1.70362
  -- Solve :
          min -0.000220097  max 0.00204403
  42 2.3501172e-005 0.00e+000 8.15e-003 -11.0 2.54e+000    -  1.00e+000 6.94e-018f 58
  -- Solve :
          min -0.0533838  max 1.69542
  -- Solve :
          min -0.0533838  max 1.69542
  -- Solve :
          min -0.0533838  max 1.69542
  -- Solve :
          min -0.0533838  max 1.69542
  -- Solve :
          min -0.0533838  max 1.69542
  -- Solve :
          min -0.0490622  max 1.69952
  -- Solve :
          min -0.0490622  max 1.69952
  -- Solve :
          min -0.00146639  max 0.000450101
  43 2.1400406e-005 0.00e+000 3.91e-003 -11.0 8.15e-003    -  1.00e+000 5.00e-001f  2
  -- Solve :
          min -0.0479714  max 1.70066
  -- Solve :
          min -0.0479714  max 1.70066
  -- Solve :
          min -0.000842021  max 0.000673784
  44 2.0978940e-005 0.00e+000 2.88e-003 -11.0 1.04e-003    -  1.00e+000 1.00e+000f  1
  -- Solve :
          min -0.0477968  max 1.70102
  -- Solve :
          min -0.0477968  max 1.70102
  -- Solve :
          min -0.000449243  max 0.00092189
  45 2.0622610e-005 0.00e+000 3.65e-003 -11.0 2.02e-003    -  1.00e+000 1.00e+000f  1
  -- Solve :
          min -0.0496399  max 1.7009
  -- Solve :
          min -0.0496399  max 1.7009
  -- Solve :
          min -7.24876e-037  max 0.00244091
  46 2.0269877e-005 0.00e+000 9.75e-003 -11.0 1.79e-002    -  1.00e+000 1.00e+000f  1
  -- Solve :
          min -0.0543449  max 1.69817
  -- Solve :
          min -0.0543449  max 1.69817
  -- Solve :
          min -0.0543449  max 1.69817
  -- Solve :
          min -0.0543449  max 1.69817
  -- Solve :
          min -0.0543449  max 1.69817
  -- Solve :
          min -0.0519924  max 1.69954
  -- Solve :
          min -0.0519924  max 1.69954
  -- Solve :
          min -6.59795e-037  max 0.00218867
  47 1.9684789e-005 0.00e+000 8.83e-003 -11.0 2.08e-002    -  1.00e+000 5.00e-001f  2
  -- Solve :
          min -0.0541954  max 1.6983
  -- Solve :
          min -0.0541954  max 1.6983
  -- Solve :
          min -0.000182142  max 0.0022573
  48 1.8415285e-005 0.00e+000 7.80e-003 -11.0 2.25e-002    -  1.00e+000 1.00e+000f  1
  -- Solve :
          min -0.0778543  max 1.67906
  -- Solve :
          min -0.0778543  max 1.67906
  -- Solve :
          min -0.0778543  max 1.67906
  -- Solve :
          min -0.0778543  max 1.67906
  -- Solve :
          min -0.0778543  max 1.67906
  -- Solve :
          min -0.0660249  max 1.68868
  -- Solve :
          min -0.0601102  max 1.69349
  -- Solve :
          min -0.0571528  max 1.69589
  -- Solve :
          min -0.0571528  max 1.69589
  -- Solve :
          min -0.000619095  max 0.000944538
  49 1.7023487e-005 0.00e+000 2.87e-003 -11.0 1.69e-001    -  1.00e+000 1.25e-001f  4
  -- Solve :
          min -0.055354  max 1.6969
  -- Solve :
          min -0.055354  max 1.6969
  -- Solve :
          min -0.000504664  max 0.00044988
iter    objective    inf_pr   inf_du lg(mu)  ||d||  lg(rg) alpha_du alpha_pr  ls
  50 1.4181817e-005 0.00e+000 2.14e-003 -11.0 1.34e-002    -  1.00e+000 1.00e+000f  1
  -- Solve :
          min -0.0532151  max 1.69815
  -- Solve :
          min -0.0532151  max 1.69815
  -- Solve :
          min -0.00141758  max 3.90495e-005
  51 1.2095372e-005 0.00e+000 5.61e-003 -11.0 3.84e-002    -  1.00e+000 1.00e+000f  1
  -- Solve :
          min -0.0341493  max 1.71532
  -- Solve :
          min -0.0341493  max 1.71532
  -- Solve :
          min -0.0341493  max 1.71532
  -- Solve :
          min -0.0341493  max 1.71532
  -- Solve :
          min -0.0341493  max 1.71532
  -- Solve :
          min -0.0436822  max 1.70674
  -- Solve :
          min -0.0484487  max 1.70245
  -- Solve :
          min -0.0484487  max 1.70245
  -- Solve :
          min -0.000387119  max 0.000787307
  52 1.1655895e-005 0.00e+000 3.08e-003 -11.0 8.83e-002    -  1.00e+000 2.50e-001f  3
  -- Solve :
          min -0.0285204  max 1.72543
  -- Solve :
          min -0.0285204  max 1.72543
  -- Solve :
          min -0.0285204  max 1.72543
  -- Solve :
          min -0.0285204  max 1.72543
  -- Solve :
          min -0.0285204  max 1.72543
  -- Solve :
          min -0.0384845  max 1.71394
  -- Solve :
          min -0.0434666  max 1.70819
  -- Solve :
          min -0.0459577  max 1.70532
  -- Solve :
          min -0.0472032  max 1.70388
  -- Solve :
          min -0.0472032  max 1.70388
  -- Solve :
          min -0.000250942  max 0.00118341
  53 1.1628966e-005 0.00e+000 4.55e-003 -11.0 3.36e-001    -  1.00e+000 6.25e-002f  5
  -- Solve :
          min -0.221844  max 1.92432
  -- Solve :
          min -0.221844  max 1.92432
  -- Solve :
          min -0.221844  max 1.92432
  -- Solve :
          min -0.221844  max 1.92432
  -- Solve :
          min -0.221844  max 1.92432
  -- Solve :
          min -0.121071  max 1.8141
  -- Solve :
          min -0.0713466  max 1.75899
  -- Solve :
          min -0.0474175  max 1.73144
  -- Solve :
          min -0.0354529  max 1.71766
  -- Solve :
          min -0.0406085  max 1.71077
  -- Solve :
          min -0.0439059  max 1.70733
  -- Solve :
          min -0.0455545  max 1.70561
  -- Solve :
          min -0.0463788  max 1.70474
  -- Solve :
          min -0.046791  max 1.70431
  -- Solve :
          min -0.0469971  max 1.7041
  -- Solve :
          min -0.0471001  max 1.70399
  -- Solve :
          min -0.0471517  max 1.70394
  -- Solve :
          min -0.0471774  max 1.70391
  -- Solve :
          min -0.0471903  max 1.7039
  -- Solve :
          min -0.0471967  max 1.70389
  -- Solve :
          min -0.0472  max 1.70389
  -- Solve :
          min -0.0472016  max 1.70388
  -- Solve :
          min -0.0472024  max 1.70388
  -- Solve :
          min -0.0472028  max 1.70388
  -- Solve :
          min -0.047203  max 1.70388
  -- Solve :
          min -0.0472031  max 1.70388
  -- Solve :
          min -0.0472031  max 1.70388
  -- Solve :
          min -0.0472032  max 1.70388
  -- Solve :
          min -0.0472032  max 1.70388
  -- Solve :
          min -0.0472032  max 1.70388
  -- Solve :
          min -0.0472032  max 1.70388
  -- Solve :
          min -0.0472032  max 1.70388
  -- Solve :
          min -0.0472032  max 1.70388
  -- Solve :
          min -0.0472032  max 1.70388
  -- Solve :
          min -0.0472032  max 1.70388
  -- Solve :
          min -0.0472032  max 1.70388
  -- Solve :
          min -0.0472032  max 1.70388
  -- Solve :
          min -0.0472032  max 1.70388
  -- Solve :
          min -0.0472032  max 1.70388
  -- Solve :
          min -0.0472032  max 1.70388
  -- Solve :
          min -0.0472032  max 1.70388
  -- Solve :
          min -0.0472032  max 1.70388
  -- Solve :
          min -0.0472032  max 1.70388
  -- Solve :
          min -0.0472032  max 1.70388
  -- Solve :
          min -0.0472032  max 1.70388
  -- Solve :
          min -0.0472032  max 1.70388
  -- Solve :
          min -0.0472032  max 1.70388
  -- Solve :
          min -0.0472032  max 1.70388
  -- Solve :
          min -0.0472032  max 1.70388
  -- Solve :
          min -0.0472032  max 1.70388
  -- Solve :
          min -0.0472032  max 1.70388
  -- Solve :
          min -0.0472032  max 1.70388
  -- Solve :
          min -0.0472032  max 1.70388
  -- Solve :
          min -0.0472032  max 1.70388
  -- Solve :
          min -0.0472032  max 1.70388
  -- Solve :
          min -0.0472032  max 1.70388
  -- Solve :
          min -0.000250942  max 0.00118341
  54 1.1628966e-005 0.00e+000 4.55e-003 -11.0 3.06e+000    -  1.00e+000 8.88e-016f 51
  -- Solve :
          min -0.221844  max 1.92432
  -- Solve :
          min -0.221844  max 1.92432
  -- Solve :
          min -0.221844  max 1.92432
  -- Solve :
          min -0.221844  max 1.92432
  -- Solve :
          min -0.221844  max 1.92432
  -- Solve :
          min -0.121071  max 1.8141
  -- Solve :
          min -0.0713466  max 1.75899
  -- Solve :
          min -0.0474175  max 1.73144
  -- Solve :
          min -0.0354529  max 1.71766
  -- Solve :
          min -0.0406085  max 1.71077
  -- Solve :
          min -0.0439059  max 1.70733
  -- Solve :
          min -0.0455545  max 1.70561
  -- Solve :
          min -0.0463788  max 1.70474
  -- Solve :
          min -0.046791  max 1.70431
  -- Solve :
          min -0.0469971  max 1.7041
  -- Solve :
          min -0.0471001  max 1.70399
  -- Solve :
          min -0.0471517  max 1.70394
  -- Solve :
          min -0.0471774  max 1.70391
  -- Solve :
          min -0.0471903  max 1.7039
  -- Solve :
          min -0.0471967  max 1.70389
  -- Solve :
          min -0.0472  max 1.70389
  -- Solve :
          min -0.0472016  max 1.70388
  -- Solve :
          min -0.0472024  max 1.70388
  -- Solve :
          min -0.0472028  max 1.70388
  -- Solve :
          min -0.047203  max 1.70388
  -- Solve :
          min -0.0472031  max 1.70388
  -- Solve :
          min -0.0472031  max 1.70388
  -- Solve :
          min -0.0472032  max 1.70388
  -- Solve :
          min -0.0472032  max 1.70388
  -- Solve :
          min -0.0472032  max 1.70388
  -- Solve :
          min -0.0472032  max 1.70388
  -- Solve :
          min -0.0472032  max 1.70388
  -- Solve :
          min -0.0472032  max 1.70388
  -- Solve :
          min -0.0472032  max 1.70388
  -- Solve :
          min -0.0472032  max 1.70388
  -- Solve :
          min -0.0472032  max 1.70388
  -- Solve :
          min -0.0472032  max 1.70388
  -- Solve :
          min -0.0472032  max 1.70388
  -- Solve :
          min -0.0472032  max 1.70388
  -- Solve :
          min -0.0472032  max 1.70388
  -- Solve :
          min -0.0472032  max 1.70388
  -- Solve :
          min -0.0472032  max 1.70388
  -- Solve :
          min -0.0472032  max 1.70388
  -- Solve :
          min -0.0472032  max 1.70388
  -- Solve :
          min -0.0472032  max 1.70388
  -- Solve :
          min -0.0472032  max 1.70388
  -- Solve :
          min -0.0472032  max 1.70388
  -- Solve :
          min -0.0472032  max 1.70388
  -- Solve :
          min -0.0472032  max 1.70388
  -- Solve :
          min -0.0472032  max 1.70388
  -- Solve :
          min -0.0472032  max 1.70388
  -- Solve :
          min -0.0472032  max 1.70388
  -- Solve :
          min -0.0472032  max 1.70388
  -- Solve :
          min -0.0472032  max 1.70388
  -- Solve :
          min -0.0472032  max 1.70388
  -- Solve :
          min -0.0472032  max 1.70388
  -- Solve :
          min -0.0472032  max 1.70388
  -- Solve :
          min -0.000250942  max 0.00118341
  55 1.1628966e-005 0.00e+000 4.55e-003 -11.0 3.06e+000    -  1.00e+000 4.44e-016f 52
  -- Solve :
          min -0.221844  max 1.92432
  -- Solve :
          min -0.221844  max 1.92432
  -- Solve :
          min -0.221844  max 1.92432
  -- Solve :
          min -0.221844  max 1.92432
  -- Solve :
          min -0.221844  max 1.92432
  -- Solve :
          min -0.121071  max 1.8141
  -- Solve :
          min -0.0713466  max 1.75899
  -- Solve :
          min -0.0474175  max 1.73144
  -- Solve :
          min -0.0354529  max 1.71766
  -- Solve :
          min -0.0406085  max 1.71077
  -- Solve :
          min -0.0439059  max 1.70733
  -- Solve :
          min -0.0455545  max 1.70561
  -- Solve :
          min -0.0463788  max 1.70474
  -- Solve :
          min -0.046791  max 1.70431
  -- Solve :
          min -0.0469971  max 1.7041
  -- Solve :
          min -0.0471001  max 1.70399
  -- Solve :
          min -0.0471517  max 1.70394
  -- Solve :
          min -0.0471774  max 1.70391
  -- Solve :
          min -0.0471903  max 1.7039
  -- Solve :
          min -0.0471967  max 1.70389
  -- Solve :
          min -0.0472  max 1.70389
  -- Solve :
          min -0.0472016  max 1.70388
  -- Solve :
          min -0.0472024  max 1.70388
  -- Solve :
          min -0.0472028  max 1.70388
  -- Solve :
          min -0.047203  max 1.70388
  -- Solve :
          min -0.0472031  max 1.70388
  -- Solve :
          min -0.0472031  max 1.70388
  -- Solve :
          min -0.0472032  max 1.70388
  -- Solve :
          min -0.0472032  max 1.70388
  -- Solve :
          min -0.0472032  max 1.70388
  -- Solve :
          min -0.0472032  max 1.70388
  -- Solve :
          min -0.0472032  max 1.70388
  -- Solve :
          min -0.0472032  max 1.70388
  -- Solve :
          min -0.0472032  max 1.70388
  -- Solve :
          min -0.0472032  max 1.70388
  -- Solve :
          min -0.0472032  max 1.70388
  -- Solve :
          min -0.0472032  max 1.70388
  -- Solve :
          min -0.0472032  max 1.70388
  -- Solve :
          min -0.0472032  max 1.70388
  -- Solve :
          min -0.0472032  max 1.70388
  -- Solve :
          min -0.0472032  max 1.70388
  -- Solve :
          min -0.0472032  max 1.70388
  -- Solve :
          min -0.0472032  max 1.70388
  -- Solve :
          min -0.0472032  max 1.70388
  -- Solve :
          min -0.0472032  max 1.70388
  -- Solve :
          min -0.0472032  max 1.70388
  -- Solve :
          min -0.0472032  max 1.70388
  -- Solve :
          min -0.0472032  max 1.70388
  -- Solve :
          min -0.0472032  max 1.70388
  -- Solve :
          min -0.0472032  max 1.70388
  -- Solve :
          min -0.0472032  max 1.70388
  -- Solve :
          min -0.0472032  max 1.70388
  -- Solve :
          min -0.0472032  max 1.70388
  -- Solve :
          min -0.0472032  max 1.70388
  -- Solve :
          min -0.0472032  max 1.70388
  -- Solve :
          min -0.0472032  max 1.70388
  -- Solve :
          min -0.0472032  max 1.70388
  -- Solve :
          min -0.0472032  max 1.70388
  -- Solve :
          min -0.000250942  max 0.00118341
  56 1.1628966e-005 0.00e+000 4.55e-003 -11.0 3.06e+000    -  1.00e+000 2.22e-016f 53
  -- Solve :
          min -0.0541681  max 1.69721
  -- Solve :
          min -0.0541681  max 1.69721
  -- Solve :
          min -0.0541681  max 1.69721
  -- Solve :
          min -0.0541681  max 1.69721
  -- Solve :
          min -0.0541681  max 1.69721
  -- Solve :
          min -0.0506857  max 1.70054
  -- Solve :
          min -0.0506857  max 1.70054
  -- Solve :
          min -0.000856067  max 0.000273898
  57 1.0298887e-005 0.00e+000 3.33e-003 -11.0 4.55e-003    -  1.00e+000 5.00e-001f  2
  -- Solve :
          min -0.0497993  max 1.70145
  -- Solve :
          min -0.0497993  max 1.70145
  -- Solve :
          min -0.000280512  max 0.000471722
  58 1.0094829e-005 0.00e+000 1.83e-003 -11.0 8.93e-004    -  1.00e+000 1.00e+000f  1
  -- Solve :
          min -0.0498746  max 1.70144
  -- Solve :
          min -0.0498746  max 1.70144
  -- Solve :
          min -0.000230666  max 0.000484509
  59 9.9737281e-006 0.00e+000 1.87e-003 -11.0 8.63e-004    -  1.00e+000 1.00e+000f  1
  -- Solve :
          min -0.0514436  max 1.70035
  -- Solve :
          min -0.0514436  max 1.70035
  -- Solve :
          min -0.000112846  max 0.000699488
iter    objective    inf_pr   inf_du lg(mu)  ||d||  lg(rg) alpha_du alpha_pr  ls
  60 9.6935455e-006 0.00e+000 2.67e-003 -11.0 6.02e-003    -  1.00e+000 1.00e+000f  1
  -- Solve :
          min -0.0526028  max 1.69953
  -- Solve :
          min -0.0526028  max 1.69953
  -- Solve :
          min -0.000179721  max 0.000587739
  61 9.5327096e-006 0.00e+000 2.23e-003 -11.0 3.74e-003    -  1.00e+000 1.00e+000f  1
  -- Solve :
          min -0.0545257  max 1.69826
  -- Solve :
          min -0.0545257  max 1.69826
  -- Solve :
          min -0.000390862  max 0.000103555
  62 9.1754852e-006 0.00e+000 1.77e-003 -11.0 9.22e-003    -  1.00e+000 1.00e+000f  1
  -- Solve :
          min -0.0535951  max 1.69905
  -- Solve :
          min -0.0535951  max 1.69905
  -- Solve :
          min -0.000305747  max 7.46889e-005
  63 8.9468769e-006 0.00e+000 1.20e-003 -11.0 6.08e-003    -  1.00e+000 1.00e+000f  1
  -- Solve :
          min -0.0520252  max 1.69978
  -- Solve :
          min -0.0520252  max 1.69978
  -- Solve :
          min -0.00115414  max 6.21555e-005
  64 8.8461038e-006 0.00e+000 4.37e-003 -11.0 3.46e-002    -  1.00e+000 1.00e+000f  1
  -- Solve :
          min -0.0491111  max 1.7519
  -- Solve :
          min -0.0491111  max 1.7519
  -- Solve :
          min -0.0491111  max 1.7519
  -- Solve :
          min -0.0491111  max 1.7519
  -- Solve :
          min -0.0491111  max 1.7519
  -- Solve :
          min -0.0360537  max 1.72584
  -- Solve :
          min -0.0373115  max 1.71281
  -- Solve :
          min -0.0446684  max 1.7063
  -- Solve :
          min -0.0483468  max 1.70304
  -- Solve :
          min -0.0483468  max 1.70304
  -- Solve :
          min -0.000856689  max 0.000579517
  65 8.7480887e-006 0.00e+000 2.49e-003 -11.0 6.41e-001    -  1.00e+000 6.25e-002f  5
  -- Solve :
          min -0.0480074  max 1.76443
  -- Solve :
          min -0.0480074  max 1.76443
  -- Solve :
          min -0.0480074  max 1.76443
  -- Solve :
          min -0.0480074  max 1.76443
  -- Solve :
          min -0.0480074  max 1.76443
  -- Solve :
          min -0.0366982  max 1.73374
  -- Solve :
          min -0.0321247  max 1.71839
  -- Solve :
          min -0.0386374  max 1.71072
  -- Solve :
          min -0.0434921  max 1.70688
  -- Solve :
          min -0.0459194  max 1.70496
  -- Solve :
          min -0.0471331  max 1.704
  -- Solve :
          min -0.04774  max 1.70352
  -- Solve :
          min -0.0480434  max 1.70328
  -- Solve :
          min -0.0481951  max 1.70316
  -- Solve :
          min -0.0482709  max 1.7031
  -- Solve :
          min -0.0483089  max 1.70307
  -- Solve :
          min -0.0483278  max 1.70306
  -- Solve :
          min -0.0483373  max 1.70305
  -- Solve :
          min -0.048342  max 1.70305
  -- Solve :
          min -0.0483444  max 1.70304
  -- Solve :
          min -0.0483456  max 1.70304
  -- Solve :
          min -0.0483462  max 1.70304
  -- Solve :
          min -0.0483465  max 1.70304
  -- Solve :
          min -0.0483466  max 1.70304
  -- Solve :
          min -0.0483467  max 1.70304
  -- Solve :
          min -0.0483468  max 1.70304
  -- Solve :
          min -0.0483468  max 1.70304
  -- Solve :
          min -0.0483468  max 1.70304
  -- Solve :
          min -0.0483468  max 1.70304
  -- Solve :
          min -0.0483468  max 1.70304
  -- Solve :
          min -0.0483468  max 1.70304
  -- Solve :
          min -0.0483468  max 1.70304
  -- Solve :
          min -0.0483468  max 1.70304
  -- Solve :
          min -0.0483468  max 1.70304
  -- Solve :
          min -0.0483468  max 1.70304
  -- Solve :
          min -0.0483468  max 1.70304
  -- Solve :
          min -0.0483468  max 1.70304
  -- Solve :
          min -0.0483468  max 1.70304
  -- Solve :
          min -0.0483468  max 1.70304
  -- Solve :
          min -0.0483468  max 1.70304
  -- Solve :
          min -0.0483468  max 1.70304
  -- Solve :
          min -0.0483468  max 1.70304
  -- Solve :
          min -0.0483468  max 1.70304
  -- Solve :
          min -0.0483468  max 1.70304
  -- Solve :
          min -0.0483468  max 1.70304
  -- Solve :
          min -0.0483468  max 1.70304
  -- Solve :
          min -0.0483468  max 1.70304
  -- Solve :
          min -0.0483468  max 1.70304
  -- Solve :
          min -0.0483468  max 1.70304
  -- Solve :
          min -0.0483468  max 1.70304
  -- Solve :
          min -0.0483468  max 1.70304
  -- Solve :
          min -0.0483468  max 1.70304
  -- Solve :
          min -0.000856689  max 0.000579517
  66 8.7480887e-006 0.00e+000 2.49e-003 -11.0 4.74e-001    -  1.00e+000 1.42e-014f 47
  -- Solve :
          min -0.0480074  max 1.76443
  -- Solve :
          min -0.0480074  max 1.76443
  -- Solve :
          min -0.0480074  max 1.76443
  -- Solve :
          min -0.0480074  max 1.76443
  -- Solve :
          min -0.0480074  max 1.76443
  -- Solve :
          min -0.0366982  max 1.73374
  -- Solve :
          min -0.0321247  max 1.71839
  -- Solve :
          min -0.0386374  max 1.71072
  -- Solve :
          min -0.0434921  max 1.70688
  -- Solve :
          min -0.0459194  max 1.70496
  -- Solve :
          min -0.0471331  max 1.704
  -- Solve :
          min -0.04774  max 1.70352
  -- Solve :
          min -0.0480434  max 1.70328
  -- Solve :
          min -0.0481951  max 1.70316
  -- Solve :
          min -0.0482709  max 1.7031
  -- Solve :
          min -0.0483089  max 1.70307
  -- Solve :
          min -0.0483278  max 1.70306
  -- Solve :
          min -0.0483373  max 1.70305
  -- Solve :
          min -0.048342  max 1.70305
  -- Solve :
          min -0.0483444  max 1.70304
  -- Solve :
          min -0.0483456  max 1.70304
  -- Solve :
          min -0.0483462  max 1.70304
  -- Solve :
          min -0.0483465  max 1.70304
  -- Solve :
          min -0.0483466  max 1.70304
  -- Solve :
          min -0.0483467  max 1.70304
  -- Solve :
          min -0.0483468  max 1.70304
  -- Solve :
          min -0.0483468  max 1.70304
  -- Solve :
          min -0.0483468  max 1.70304
  -- Solve :
          min -0.0483468  max 1.70304
  -- Solve :
          min -0.0483468  max 1.70304
  -- Solve :
          min -0.0483468  max 1.70304
  -- Solve :
          min -0.0483468  max 1.70304
  -- Solve :
          min -0.0483468  max 1.70304
  -- Solve :
          min -0.0483468  max 1.70304
  -- Solve :
          min -0.0483468  max 1.70304
  -- Solve :
          min -0.0483468  max 1.70304
  -- Solve :
          min -0.0483468  max 1.70304
  -- Solve :
          min -0.0483468  max 1.70304
  -- Solve :
          min -0.0483468  max 1.70304
  -- Solve :
          min -0.0483468  max 1.70304
  -- Solve :
          min -0.0483468  max 1.70304
  -- Solve :
          min -0.0483468  max 1.70304
  -- Solve :
          min -0.0483468  max 1.70304
  -- Solve :
          min -0.0483468  max 1.70304
  -- Solve :
          min -0.0483468  max 1.70304
  -- Solve :
          min -0.0483468  max 1.70304
  -- Solve :
          min -0.0483468  max 1.70304
  -- Solve :
          min -0.0483468  max 1.70304
  -- Solve :
          min -0.0483468  max 1.70304
  -- Solve :
          min -0.0483468  max 1.70304
  -- Solve :
          min -0.0483468  max 1.70304
  -- Solve :
          min -0.0483468  max 1.70304
  -- Solve :
          min -0.000856689  max 0.000579517
  67 8.7480887e-006 0.00e+000 2.49e-003 -11.0 4.74e-001    -  1.00e+000 1.42e-014f 47
  -- Solve :
          min -0.0480074  max 1.76443
  -- Solve :
          min -0.0480074  max 1.76443
  -- Solve :
          min -0.0480074  max 1.76443
  -- Solve :
          min -0.0480074  max 1.76443
  -- Solve :
          min -0.0480074  max 1.76443
  -- Solve :
          min -0.0366982  max 1.73374
  -- Solve :
          min -0.0321247  max 1.71839
  -- Solve :
          min -0.0386374  max 1.71072
  -- Solve :
          min -0.0434921  max 1.70688
  -- Solve :
          min -0.0459194  max 1.70496
  -- Solve :
          min -0.0471331  max 1.704
  -- Solve :
          min -0.04774  max 1.70352
  -- Solve :
          min -0.0480434  max 1.70328
  -- Solve :
          min -0.0481951  max 1.70316
  -- Solve :
          min -0.0482709  max 1.7031
  -- Solve :
          min -0.0483089  max 1.70307
  -- Solve :
          min -0.0483278  max 1.70306
  -- Solve :
          min -0.0483373  max 1.70305
  -- Solve :
          min -0.048342  max 1.70305
  -- Solve :
          min -0.0483444  max 1.70304
  -- Solve :
          min -0.0483456  max 1.70304
  -- Solve :
          min -0.0483462  max 1.70304
  -- Solve :
          min -0.0483465  max 1.70304
  -- Solve :
          min -0.0483466  max 1.70304
  -- Solve :
          min -0.0483467  max 1.70304
  -- Solve :
          min -0.0483468  max 1.70304
  -- Solve :
          min -0.0483468  max 1.70304
  -- Solve :
          min -0.0483468  max 1.70304
  -- Solve :
          min -0.0483468  max 1.70304
  -- Solve :
          min -0.0483468  max 1.70304
  -- Solve :
          min -0.0483468  max 1.70304
  -- Solve :
          min -0.0483468  max 1.70304
  -- Solve :
          min -0.0483468  max 1.70304
  -- Solve :
          min -0.0483468  max 1.70304
  -- Solve :
          min -0.0483468  max 1.70304
  -- Solve :
          min -0.0483468  max 1.70304
  -- Solve :
          min -0.0483468  max 1.70304
  -- Solve :
          min -0.0483468  max 1.70304
  -- Solve :
          min -0.0483468  max 1.70304
  -- Solve :
          min -0.0483468  max 1.70304
  -- Solve :
          min -0.0483468  max 1.70304
  -- Solve :
          min -0.0483468  max 1.70304
  -- Solve :
          min -0.0483468  max 1.70304
  -- Solve :
          min -0.0483468  max 1.70304
  -- Solve :
          min -0.0483468  max 1.70304
  -- Solve :
          min -0.0483468  max 1.70304
  -- Solve :
          min -0.0483468  max 1.70304
  -- Solve :
          min -0.0483468  max 1.70304
  -- Solve :
          min -0.0483468  max 1.70304
  -- Solve :
          min -0.0483468  max 1.70304
  -- Solve :
          min -0.0483468  max 1.70304
  -- Solve :
          min -0.0483468  max 1.70304
  -- Solve :
          min -0.0483468  max 1.70304
  -- Solve :
          min -0.0483468  max 1.70304
  -- Solve :
          min -0.0483468  max 1.70304
  -- Solve :
          min -0.0483468  max 1.70304
  -- Solve :
          min -0.0483468  max 1.70304
  -- Solve :
          min -0.0483468  max 1.70304
  -- Solve :
          min -0.000856689  max 0.000579517
  68 8.7480887e-006 0.00e+000 2.49e-003 -11.0 4.74e-001    -  1.00e+000 2.22e-016f 53
  -- Solve :
          min -0.0469354  max 1.70452
  -- Solve :
          min -0.0469354  max 1.70452
  -- Solve :
          min -0.0469354  max 1.70452
  -- Solve :
          min -0.0469354  max 1.70452
  -- Solve :
          min -0.0469354  max 1.70452
  -- Solve :
          min -0.0476411  max 1.70378
  -- Solve :
          min -0.0476411  max 1.70378
  -- Solve :
          min -0.000647251  max 0.000785591
  69 8.7251652e-006 0.00e+000 3.08e-003 -11.0 2.49e-003    -  1.00e+000 5.00e-001f  2
  -- Solve :
          min -0.047706  max 1.70398
  -- Solve :
          min -0.047706  max 1.70398
  -- Solve :
          min -0.047706  max 1.70398
  -- Solve :
          min -0.047706  max 1.70398
  -- Solve :
          min -0.047706  max 1.70398
  -- Solve :
          min -0.0476735  max 1.70388
  -- Solve :
          min -0.0476735  max 1.70388
  -- Solve :
          min -0.000193443  max 0.00117813
iter    objective    inf_pr   inf_du lg(mu)  ||d||  lg(rg) alpha_du alpha_pr  ls
  70 8.6325628e-006 0.00e+000 4.53e-003 -11.0 7.20e-003    -  1.00e+000 5.00e-001f  2
  -- Solve :
          min -0.0503877  max 1.70191
  -- Solve :
          min -0.0503877  max 1.70191
  -- Solve :
          min -0.0503877  max 1.70191
  -- Solve :
          min -0.0503877  max 1.70191
  -- Solve :
          min -0.0503877  max 1.70191
  -- Solve :
          min -0.0490306  max 1.70289
  -- Solve :
          min -0.0483521  max 1.70339
  -- Solve :
          min -0.0480128  max 1.70363
  -- Solve :
          min -0.0480128  max 1.70363
  -- Solve :
          min -1.84257e-006  max 0.0014017
  71 8.6054165e-006 0.00e+000 5.51e-003 -11.0 1.52e-002    -  1.00e+000 1.25e-001f  4
  -- Solve :
          min -0.0528616  max 1.69987
  -- Solve :
          min -0.0528616  max 1.69987
  -- Solve :
          min -0.0528616  max 1.69987
  -- Solve :
          min -0.0528616  max 1.69987
  -- Solve :
          min -0.0528616  max 1.69987
  -- Solve :
          min -0.0504372  max 1.70175
  -- Solve :
          min -0.049225  max 1.70269
  -- Solve :
          min -0.0486189  max 1.70316
  -- Solve :
          min -0.0486189  max 1.70316
  -- Solve :
          min -3.99986e-037  max 0.00154322
  72 8.5331849e-006 0.00e+000 6.12e-003 -11.0 1.90e-002    -  1.00e+000 1.25e-001f  4
  -- Solve :
          min -0.0541434  max 1.69877
  -- Solve :
          min -0.0541434  max 1.69877
  -- Solve :
          min -0.0541434  max 1.69877
  -- Solve :
          min -0.0541434  max 1.69877
  -- Solve :
          min -0.0541434  max 1.69877
  -- Solve :
          min -0.0513812  max 1.70097
  -- Solve :
          min -0.05  max 1.70207
  -- Solve :
          min -0.05  max 1.70207
  -- Solve :
          min -4.78357e-005  max 0.00163257
  73 8.4590877e-006 0.00e+000 6.46e-003 -11.0 1.82e-002    -  1.00e+000 2.50e-001f  3
  -- Solve :
          min -0.0546564  max 1.69829
  -- Solve :
          min -0.0546564  max 1.69829
  -- Solve :
          min -0.0546564  max 1.69829
  -- Solve :
          min -0.0546564  max 1.69829
  -- Solve :
          min -0.0546564  max 1.69829
  -- Solve :
          min -0.0523282  max 1.70018
  -- Solve :
          min -0.0511641  max 1.70112
  -- Solve :
          min -0.0511641  max 1.70112
  -- Solve :
          min -0.000151748  max 0.00155779
  74 8.4354670e-006 0.00e+000 6.09e-003 -11.0 1.36e-002    -  1.00e+000 2.50e-001f  3
  -- Solve :
          min -0.0550312  max 1.69794
  -- Solve :
          min -0.0550312  max 1.69794
  -- Solve :
          min -0.000734193  max 0.000939805
  75 8.9635178e-006 0.00e+000 3.06e-003 -11.0 1.01e-002    -  1.00e+000 1.00e+000w  1
  -- Solve :
          min -0.055188  max 1.69761
  -- Solve :
          min -0.055188  max 1.69761
  -- Solve :
          min -0.000873776  max 0.00067419
  76 8.5101465e-006 0.00e+000 3.69e-003 -11.0 3.49e-003    -  1.00e+000 1.00e+000w  1
  -- Solve :
          min -0.0515009  max 1.69957
  -- Solve :
          min -0.0515009  max 1.69957
  -- Solve :
          min -0.00452664  max 4.45088e-005
  77 1.7061816e-005 0.00e+000 1.77e-002 -11.0 3.25e-002    -  1.00e+000 1.00e+000w  1
  -- Solve :
          min -0.050232  max 1.70114
  -- Solve :
          min -0.0530977  max 1.69953
  -- Solve :
          min -0.0530977  max 1.69953
  -- Solve :
          min -0.000394885  max 0.00118568
  78 8.4233038e-006 0.00e+000 4.49e-003 -11.0 7.80e-003    -  1.00e+000 5.00e-001f  1
  -- Solve :
          min -0.0508338  max 1.7009
  -- Solve :
          min -0.0508338  max 1.7009
  -- Solve :
          min -0.0508338  max 1.7009
  -- Solve :
          min -0.0508338  max 1.7009
  -- Solve :
          min -0.0508338  max 1.7009
  -- Solve :
          min -0.0519658  max 1.70022
  -- Solve :
          min -0.0519658  max 1.70022
  -- Solve :
          min -0.000321885  max 7.25718e-005
  79 7.1118548e-006 0.00e+000 1.34e-003 -11.0 2.35e-002    -  1.00e+000 5.00e-001f  2
  -- Solve :
          min -0.0515392  max 1.70066
  -- Solve :
          min -0.0515392  max 1.70066
  -- Solve :
          min -0.000437891  max 0.000116092
iter    objective    inf_pr   inf_du lg(mu)  ||d||  lg(rg) alpha_du alpha_pr  ls
  80 7.0901985e-006 0.00e+000 1.68e-003 -11.0 7.13e-003    -  1.00e+000 1.00e+000f  1
  -- Solve :
          min -0.051404  max 1.70087
  -- Solve :
          min -0.051404  max 1.70087
  -- Solve :
          min -0.000273858  max 0.000203087
  81 6.9274850e-006 0.00e+000 9.11e-004 -11.0 7.25e-003    -  1.00e+000 1.00e+000f  1
 
Number of Iterations....: 81
 
                                   (scaled)                 (unscaled)
Objective...............:  6.9274850319075236e-006   6.9274850319075236e-006
Dual infeasibility......:  9.1098722577693711e-004   9.1098722577693711e-004
Constraint violation....:  0.0000000000000000e+000   0.0000000000000000e+000
Complementarity.........:  0.0000000000000000e+000   0.0000000000000000e+000
Overall NLP error.......:  9.1098722577693711e-004   9.1098722577693711e-004
 
 
Number of objective function evaluations             = 1334
Number of objective gradient evaluations             = 82
Number of equality constraint evaluations            = 0
Number of inequality constraint evaluations          = 0
Number of equality constraint Jacobian evaluations   = 0
Number of inequality constraint Jacobian evaluations = 0
Number of Lagrangian Hessian evaluations             = 0
Total CPU secs in IPOPT (w/o function evaluations)   =      9.937
Total CPU secs in NLP function evaluations           =   1840.702
 
EXIT: Optimal Solution Found.
 
 
*** Ipopt succeeded
  -- Solve :
          min -0.051404  max 1.70087
J: 6.92749e-006
kq: 0, 1
kq: -0.236304, 1.08136
kq: -0.238205, 0.337259
ss: 0.0557634
times: compile 0.247s, execution 1852.22s,  mpirank:0
 ######## We forget of deleting   40075 Nb pointer,   0Bytes  ,  mpirank 0, memory leak =0
 CodeAlloc : nb ptr  3645,  size :418528 mpirank: 0
Ok: Normal End
 try getConsole D:\Study\HUST\FEM\heatsource\FreeFem++\HeatSource2D_Q.edp
