-- FreeFem++ v  3.610001 (date jeu. 12 juil. 2018 15:05:23)
 Load: lg_fem lg_mesh lg_mesh3 eigenvalue
    1 : load "medit"(load: loadLibary C:\Program Files (x86)\FreeFem++\\.\medit = 0)
    2 :
    3 : /*
    4 : State equation:
    5 :     u_t - div(a*grad(u)) = F, (x, t) \in \Omega x [0, T]
    6 : Neumann boundary condition:
    7 :     du(x, t)/dN = uN(x, t), (x, t) \in \partial\Omega x [0, T]
    8 : Initial condition:
    9 :     u(x, 0) = u0(x), x \in \Omega
   10 : */
   11 :
   12 : real T = 1;
   13 : int nn = 25;
   14 : int Nx = nn, Ny = nn;
   15 : int[int] labs = [1, 2, 0, 4];
   16 : mesh Th = square(Nx, Ny, [x, T * y], label = labs);
   17 : fespace Vh(Th, P1);
   18 :
   19 : Vh ue = cos(pi * x) * sin(pi * y);
   20 : Vh uN = 0;
   21 : Vh u0 = ue(x, 0);
   22 : Vh a = 1;
   23 : Vh F = pi * cos(pi * x) * cos(pi * y) + pi^2 * cos(pi * x) * sin(pi * y);
   24 :
   25 : Vh u, v;
   26 : Vh uu;
   27 :
   28 : solve SpaceTime(u, v, solver = GMRES) =
   29 :           int2d(Th)(dy(u) * v + dx(u) * dx(v))
   30 :         + int2d(Th)(dy(u0) * v + dx(u0) * dx(v))
   31 :         - int1d(Th, 2, 4)(uN * v)
   32 :         - int2d(Th)(F * v) + on(1, u = 0);
   33 : u = u + u0;
   34 :
   35 :
   36 : // get data of the mesh
   37 : cout << endl << "****************************************" << endl;
   38 : int nbtriangles = Th.nt;
   39 : int nbvertices  = Th.nv;
   40 : //cout << "Number of vertices:  " << nbvertices << endl;
   41 : //cout << "Number of triangles: " << nbtriangles << endl;
   42 : //cout << "Information of vertices: " << endl;
   43 :
   44 : for (int i =0; i <= Ny/2; i++){
   45 :         for (int j=0; j <= Nx; j++){
   46 :                 uu[][i * (Nx+1) + j] = u[][(Ny-i)*(Nx+1)+j];
   47 :                 uu[][(Ny-i)*(Nx+1)+j] = u[][i * (Nx+1) + j];
   48 :                 //cout << "("<<j<<", "<<(nn-i)*(nn+1)+j << ")  ";
   49 :         }
   50 : }
   51 : //cout << endl;
   52 : //for(int i = 0; i < nbvertices; i++)
   53 :         //cout << i << ": x = " << Th(i).x << ", y = " << Th(i).y << ", u = " << u[][i] << ", uu = " << uu[][i]
<< ", label = " << Th(i).label << endl;
   54 :
   55 :
   56 : plot(ue, wait = 1, dim=3d);
   57 : //plot(u, ue, wait = 1, dim=3d);
   58 : //plot(ue, wait = 1, dim=3d);
   59 : //plot(u, ue, wait = 1, dim=3d);
   60 :
   61 : //Vh er = ue - u;
   62 : //cout << "Error in L2: " << sqrt(int2d(Th) (er * er)) << endl;
   63 : //cout << "Error in H1: " << sqrt(int2d(Th) (dy(er) * dy(er))) << endl;
   64 : cout << "Error in H1: " << sqrt(int2d(Th) (dx(er) The Identifier er does not exist
 
 Error line number 64, in file D:\Study\HUST\FEM\heatsource\FreeFem++\SpaceTime1D.edp, before  token )
 
  current line = 64
Compile error :
        line number :64, )
error Compile error :
        line number :64, )
 code = 1 mpirank: 0
 try getConsole D:\Study\HUST\FEM\heatsource\FreeFem++\SpaceTime1D.edp
